
Start-Date: 2016-10-21  20:34:12
Commandline: apt-get install -y --no-install-recommends ca-certificates wget
Install: libssl1.0.0:amd64 (1.0.1t-1+deb8u5, automatic), libgnutls-deb0-28:amd64 (3.3.8-6+deb8u3, automatic), libicu52:amd64 (52.1-8+deb8u3, automatic), libpsl0:amd64 (0.5.1-1, automatic), libidn11:amd64 (1.29-1+deb8u2, automatic), libgmp10:amd64 (6.0.0+dfsg-6, automatic), wget:amd64 (1.16-1+deb8u1), libhogweed2:amd64 (2.7.1-5+deb8u1, automatic), libp11-kit0:amd64 (0.20.7-1, automatic), ca-certificates:amd64 (20141019+deb8u1), libnettle4:amd64 (2.7.1-5+deb8u1, automatic), openssl:amd64 (1.0.1t-1+deb8u5, automatic), libtasn1-6:amd64 (4.2-3+deb8u2, automatic), libffi6:amd64 (3.1-2+b2, automatic)
End-Date: 2016-10-21  20:34:16

Start-Date: 2016-10-21  20:34:22
Commandline: apt-get purge -y --auto-remove ca-certificates wget
Purge: libssl1.0.0:amd64 (1.0.1t-1+deb8u5), libgnutls-deb0-28:amd64 (3.3.8-6+deb8u3), libicu52:amd64 (52.1-8+deb8u3), libpsl0:amd64 (0.5.1-1), libidn11:amd64 (1.29-1+deb8u2), libgmp10:amd64 (6.0.0+dfsg-6), wget:amd64 (1.16-1+deb8u1), libhogweed2:amd64 (2.7.1-5+deb8u1), libp11-kit0:amd64 (0.20.7-1), ca-certificates:amd64 (20141019+deb8u1), libnettle4:amd64 (2.7.1-5+deb8u1), openssl:amd64 (1.0.1t-1+deb8u5), libtasn1-6:amd64 (4.2-3+deb8u2), libffi6:amd64 (3.1-2+b2)
End-Date: 2016-10-21  20:34:23

Start-Date: 2016-10-21  22:03:43
Commandline: apt-get install -y perl --no-install-recommends
Install: perl:amd64 (5.20.2-3+deb8u6), perl-modules:amd64 (5.20.2-3+deb8u6, automatic), libgdbm3:amd64 (1.8.3-13.1, automatic)
End-Date: 2016-10-21  22:03:43

Start-Date: 2016-10-21  22:03:49
Commandline: apt-get install -y libaio1 pwgen
Install: libaio1:amd64 (0.3.110-1), pwgen:amd64 (2.07-1)
End-Date: 2016-10-21  22:03:49

Start-Date: 2016-10-21  22:03:57
Commandline: apt-get install -y ca-certificates wget --no-install-recommends
Install: libssl1.0.0:amd64 (1.0.1t-1+deb8u5, automatic), libgnutls-deb0-28:amd64 (3.3.8-6+deb8u3, automatic), libicu52:amd64 (52.1-8+deb8u3, automatic), libpsl0:amd64 (0.5.1-1, automatic), libidn11:amd64 (1.29-1+deb8u2, automatic), libgmp10:amd64 (6.0.0+dfsg-6, automatic), wget:amd64 (1.16-1+deb8u1), libhogweed2:amd64 (2.7.1-5+deb8u1, automatic), libp11-kit0:amd64 (0.20.7-1, automatic), ca-certificates:amd64 (20141019+deb8u1), libnettle4:amd64 (2.7.1-5+deb8u1, automatic), openssl:amd64 (1.0.1t-1+deb8u5, automatic), libtasn1-6:amd64 (4.2-3+deb8u2, automatic), libffi6:amd64 (3.1-2+b2, automatic)
End-Date: 2016-10-21  22:04:00

Start-Date: 2016-10-21  22:04:24
Commandline: apt-get purge -y --auto-remove ca-certificates wget
Purge: libssl1.0.0:amd64 (1.0.1t-1+deb8u5), libgnutls-deb0-28:amd64 (3.3.8-6+deb8u3), libicu52:amd64 (52.1-8+deb8u3), libpsl0:amd64 (0.5.1-1), libidn11:amd64 (1.29-1+deb8u2), libgmp10:amd64 (6.0.0+dfsg-6), wget:amd64 (1.16-1+deb8u1), libhogweed2:amd64 (2.7.1-5+deb8u1), libp11-kit0:amd64 (0.20.7-1), ca-certificates:amd64 (20141019+deb8u1), libnettle4:amd64 (2.7.1-5+deb8u1), openssl:amd64 (1.0.1t-1+deb8u5), libtasn1-6:amd64 (4.2-3+deb8u2), libffi6:amd64 (3.1-2+b2)
End-Date: 2016-10-21  22:04:25

Start-Date: 2016-10-21  22:04:37
Commandline: apt-get install -y binutils
Install: binutils:amd64 (2.25-5)
End-Date: 2016-10-21  22:04:37

Start-Date: 2016-10-21  22:04:38
Commandline: apt-get purge -y --auto-remove binutils
Purge: binutils:amd64 (2.25-5)
End-Date: 2016-10-21  22:04:38
