[Sun Nov 04 06:35:39.864542 2018] [ssl:warn] [pid 30] AH01909: RSA certificate configured for orangehrmdev.com:443 does NOT include an ID which matches the server name
[Sun Nov 04 06:35:39.987830 2018] [ssl:warn] [pid 30] AH01909: RSA certificate configured for orangehrmdev.com:443 does NOT include an ID which matches the server name
[Sun Nov 04 06:37:43.054736 2018] [ssl:warn] [pid 35] AH01909: RSA certificate configured for orangehrmdev.com:443 does NOT include an ID which matches the server name
[Sun Nov 04 06:37:43.142182 2018] [ssl:warn] [pid 35] AH01909: RSA certificate configured for orangehrmdev.com:443 does NOT include an ID which matches the server name
[Mon Nov 05 10:40:46.584982 2018] [ssl:warn] [pid 30] AH01909: RSA certificate configured for orangehrmdev.com:443 does NOT include an ID which matches the server name
[Mon Nov 05 10:40:46.716118 2018] [ssl:warn] [pid 30] AH01909: RSA certificate configured for orangehrmdev.com:443 does NOT include an ID which matches the server name


[Mon Nov 05 13:26:40.207512 2018] [ssl:warn] [pid 144] AH01909: RSA certificate configured for orangehrmdev.com:443 does NOT include an ID which matches the server name
[Mon Nov 05 13:26:40.243175 2018] [ssl:warn] [pid 144] AH01909: RSA certificate configured for orangehrmdev.com:443 does NOT include an ID which matches the server name
[Mon Dec 03 17:45:24.729599 2018] [ssl:warn] [pid 54] AH01909: RSA certificate configured for orangehrmdev.com:443 does NOT include an ID which matches the server name
[Mon Dec 03 17:45:31.053774 2018] [ssl:warn] [pid 54] AH01909: RSA certificate configured for orangehrmdev.com:443 does NOT include an ID which matches the server name
[Mon Dec 03 18:10:54.465757 2018] [ssl:warn] [pid 53] AH01909: RSA certificate configured for orangehrmdev.com:443 does NOT include an ID which matches the server name
[Mon Dec 03 18:10:56.260812 2018] [ssl:warn] [pid 53] AH01909: RSA certificate configured for orangehrmdev.com:443 does NOT include an ID which matches the server name
[Fri Mar 01 15:53:26.016079 2019] [ssl:warn] [pid 32] AH01909: RSA certificate configured for orangehrmdev.com:443 does NOT include an ID which matches the server name
[Fri Mar 01 15:53:26.512177 2019] [ssl:warn] [pid 32] AH01909: RSA certificate configured for orangehrmdev.com:443 does NOT include an ID which matches the server name
[Fri Mar 01 16:22:53.180335 2019] [ssl:warn] [pid 32] AH01909: RSA certificate configured for orangehrmdev.com:443 does NOT include an ID which matches the server name
[Fri Mar 01 16:22:53.827860 2019] [ssl:warn] [pid 32] AH01909: RSA certificate configured for orangehrmdev.com:443 does NOT include an ID which matches the server name
[Fri Mar 01 16:25:46.491855 2019] [ssl:warn] [pid 32] AH01909: RSA certificate configured for orangehrmdev.com:443 does NOT include an ID which matches the server name
[Fri Mar 01 16:25:46.546044 2019] [ssl:warn] [pid 32] AH01909: RSA certificate configured for orangehrmdev.com:443 does NOT include an ID which matches the server name
[Fri Mar 01 16:28:57.167844 2019] [ssl:warn] [pid 36] AH01909: RSA certificate configured for orangehrmdev.com:443 does NOT include an ID which matches the server name
[Fri Mar 01 16:28:57.307409 2019] [ssl:warn] [pid 36] AH01909: RSA certificate configured for orangehrmdev.com:443 does NOT include an ID which matches the server name
[Fri Mar 01 16:35:02.039208 2019] [ssl:warn] [pid 32] AH01909: RSA certificate configured for orangehrmdev.com:443 does NOT include an ID which matches the server name
[Fri Mar 01 16:35:02.248469 2019] [ssl:warn] [pid 32] AH01909: RSA certificate configured for orangehrmdev.com:443 does NOT include an ID which matches the server name
[Sat Mar 02 07:30:26.751233 2019] [ssl:warn] [pid 31] AH01909: RSA certificate configured for orangehrmdev.com:443 does NOT include an ID which matches the server name
[Sat Mar 02 07:30:27.061773 2019] [ssl:warn] [pid 31] AH01909: RSA certificate configured for orangehrmdev.com:443 does NOT include an ID which matches the server name
[Sat Mar 02 07:33:19.560907 2019] [ssl:warn] [pid 31] AH01909: RSA certificate configured for orangehrmdev.com:443 does NOT include an ID which matches the server name
[Sat Mar 02 07:33:19.669961 2019] [ssl:warn] [pid 31] AH01909: RSA certificate configured for orangehrmdev.com:443 does NOT include an ID which matches the server name
[Sat Mar 02 07:37:32.508263 2019] [ssl:warn] [pid 35] AH01909: RSA certificate configured for orangehrmdev.com:443 does NOT include an ID which matches the server name
[Sat Mar 02 07:37:32.591783 2019] [ssl:warn] [pid 35] AH01909: RSA certificate configured for orangehrmdev.com:443 does NOT include an ID which matches the server name
[Sat Mar 02 07:57:07.911912 2019] [ssl:warn] [pid 36] AH01909: RSA certificate configured for orangehrmdev.com:443 does NOT include an ID which matches the server name
[Sat Mar 02 07:57:08.069955 2019] [ssl:warn] [pid 36] AH01909: RSA certificate configured for orangehrmdev.com:443 does NOT include an ID which matches the server name
[Sat Mar 02 08:36:36.641445 2019] [ssl:warn] [pid 32] AH01909: RSA certificate configured for orangehrmdev.com:443 does NOT include an ID which matches the server name
[Sat Mar 02 08:36:36.965348 2019] [ssl:warn] [pid 32] AH01909: RSA certificate configured for orangehrmdev.com:443 does NOT include an ID which matches the server name
[Sat Mar 02 09:38:55.940737 2019] [ssl:warn] [pid 35] AH01909: RSA certificate configured for orangehrmdev.com:443 does NOT include an ID which matches the server name
[Sat Mar 02 09:38:56.181667 2019] [ssl:warn] [pid 35] AH01909: RSA certificate configured for orangehrmdev.com:443 does NOT include an ID which matches the server name
[Sat Mar 02 11:22:44.425841 2019] [ssl:warn] [pid 37] AH01909: RSA certificate configured for orangehrmdev.com:443 does NOT include an ID which matches the server name
[Sat Mar 02 11:22:45.823911 2019] [ssl:warn] [pid 37] AH01909: RSA certificate configured for orangehrmdev.com:443 does NOT include an ID which matches the server name
[Sat Mar 02 12:47:39.864077 2019] [ssl:warn] [pid 31] AH01909: RSA certificate configured for orangehrmdev.com:443 does NOT include an ID which matches the server name
[Sat Mar 02 12:47:40.141935 2019] [ssl:warn] [pid 31] AH01909: RSA certificate configured for orangehrmdev.com:443 does NOT include an ID which matches the server name
[Sat Mar 02 12:50:41.234653 2019] [ssl:warn] [pid 32] AH01909: RSA certificate configured for orangehrmdev.com:443 does NOT include an ID which matches the server name
[Sat Mar 02 12:50:41.421803 2019] [ssl:warn] [pid 32] AH01909: RSA certificate configured for orangehrmdev.com:443 does NOT include an ID which matches the server name
[Sun Mar 03 08:26:06.743828 2019] [ssl:warn] [pid 31] AH01909: RSA certificate configured for orangehrmdev.com:443 does NOT include an ID which matches the server name
[Sun Mar 03 08:26:07.427212 2019] [ssl:warn] [pid 31] AH01909: RSA certificate configured for orangehrmdev.com:443 does NOT include an ID which matches the server name
[Sun Mar 03 08:41:50.038150 2019] [ssl:warn] [pid 36] AH01909: RSA certificate configured for orangehrmdev.com:443 does NOT include an ID which matches the server name
[Sun Mar 03 08:41:50.285660 2019] [ssl:warn] [pid 36] AH01909: RSA certificate configured for orangehrmdev.com:443 does NOT include an ID which matches the server name
[Sun Mar 03 08:53:56.418500 2019] [ssl:warn] [pid 32] AH01909: RSA certificate configured for orangehrmdev.com:443 does NOT include an ID which matches the server name
[Sun Mar 03 08:53:56.542420 2019] [ssl:warn] [pid 32] AH01909: RSA certificate configured for orangehrmdev.com:443 does NOT include an ID which matches the server name
[Sun Mar 03 08:59:19.585420 2019] [ssl:warn] [pid 31] AH01909: RSA certificate configured for orangehrmdev.com:443 does NOT include an ID which matches the server name
[Sun Mar 03 08:59:19.612425 2019] [ssl:warn] [pid 31] AH01909: RSA certificate configured for orangehrmdev.com:443 does NOT include an ID which matches the server name
[Sun Mar 03 09:04:14.818692 2019] [ssl:warn] [pid 32] AH01909: RSA certificate configured for orangehrmdev.com:443 does NOT include an ID which matches the server name
[Sun Mar 03 09:04:15.010037 2019] [ssl:warn] [pid 32] AH01909: RSA certificate configured for orangehrmdev.com:443 does NOT include an ID which matches the server name
[Sun Mar 03 09:09:26.693371 2019] [ssl:warn] [pid 38] AH01909: RSA certificate configured for orangehrmdev.com:443 does NOT include an ID which matches the server name
[Sun Mar 03 09:09:26.876870 2019] [ssl:warn] [pid 38] AH01909: RSA certificate configured for orangehrmdev.com:443 does NOT include an ID which matches the server name
[Sun Mar 03 09:12:05.928750 2019] [ssl:warn] [pid 38] AH01909: RSA certificate configured for orangehrmdev.com:443 does NOT include an ID which matches the server name
[Sun Mar 03 09:12:06.049762 2019] [ssl:warn] [pid 38] AH01909: RSA certificate configured for orangehrmdev.com:443 does NOT include an ID which matches the server name
[Mon Mar 04 10:19:01.314405 2019] [ssl:warn] [pid 32] AH01909: RSA certificate configured for orangehrmdev.com:443 does NOT include an ID which matches the server name
[Mon Mar 04 10:19:01.405518 2019] [ssl:warn] [pid 32] AH01909: RSA certificate configured for orangehrmdev.com:443 does NOT include an ID which matches the server name
[Mon Mar 04 10:43:59.332486 2019] [ssl:warn] [pid 32] AH01909: RSA certificate configured for orangehrmdev.com:443 does NOT include an ID which matches the server name
[Mon Mar 04 10:44:01.632300 2019] [ssl:warn] [pid 32] AH01909: RSA certificate configured for orangehrmdev.com:443 does NOT include an ID which matches the server name
[Mon Apr 15 10:49:52.983091 2019] [ssl:warn] [pid 3876] AH01909: RSA certificate configured for orangehrmdev.com:443 does NOT include an ID which matches the server name
[Mon Apr 15 10:49:53.263396 2019] [ssl:warn] [pid 3876] AH01909: RSA certificate configured for orangehrmdev.com:443 does NOT include an ID which matches the server name
[Thu Apr 25 12:57:58.346033 2019] [ssl:warn] [pid 478] AH01909: RSA certificate configured for orangehrmdev.com:443 does NOT include an ID which matches the server name
[Thu Apr 25 12:57:58.411828 2019] [ssl:warn] [pid 478] AH01909: RSA certificate configured for orangehrmdev.com:443 does NOT include an ID which matches the server name
[Thu Apr 25 13:41:52.042181 2019] [ssl:warn] [pid 571] AH01909: RSA certificate configured for orangehrmdev.com:443 does NOT include an ID which matches the server name
[Thu Apr 25 13:41:52.556783 2019] [ssl:warn] [pid 571] AH01909: RSA certificate configured for orangehrmdev.com:443 does NOT include an ID which matches the server name
[Thu Apr 25 13:48:26.118860 2019] [ssl:warn] [pid 750] AH01909: RSA certificate configured for orangehrmdev.com:443 does NOT include an ID which matches the server name
[Thu Apr 25 13:48:26.727231 2019] [ssl:warn] [pid 750] AH01909: RSA certificate configured for orangehrmdev.com:443 does NOT include an ID which matches the server name
[Thu Apr 25 13:51:05.285287 2019] [ssl:warn] [pid 1427] AH01909: RSA certificate configured for orangehrmdev.com:443 does NOT include an ID which matches the server name
[Thu Apr 25 13:51:05.595880 2019] [ssl:warn] [pid 1427] AH01909: RSA certificate configured for orangehrmdev.com:443 does NOT include an ID which matches the server name
[Thu Apr 25 16:00:19.986955 2019] [ssl:warn] [pid 444] AH01909: RSA certificate configured for orangehrmdev.com:443 does NOT include an ID which matches the server name
[Thu Apr 25 16:00:21.078905 2019] [ssl:warn] [pid 444] AH01909: RSA certificate configured for orangehrmdev.com:443 does NOT include an ID which matches the server name
[Thu Apr 25 16:06:12.657565 2019] [ssl:warn] [pid 360] AH01909: RSA certificate configured for orangehrmdev.com:443 does NOT include an ID which matches the server name
[Thu Apr 25 16:06:13.652574 2019] [ssl:warn] [pid 360] AH01909: RSA certificate configured for orangehrmdev.com:443 does NOT include an ID which matches the server name
[Thu Apr 25 16:10:46.881806 2019] [ssl:warn] [pid 378] AH01909: RSA certificate configured for orangehrmdev.com:443 does NOT include an ID which matches the server name
[Thu Apr 25 16:10:47.655307 2019] [ssl:warn] [pid 378] AH01909: RSA certificate configured for orangehrmdev.com:443 does NOT include an ID which matches the server name
[Thu Apr 25 16:14:39.283852 2019] [ssl:warn] [pid 1034] AH01909: RSA certificate configured for orangehrmdev.com:443 does NOT include an ID which matches the server name
[Thu Apr 25 16:14:40.188125 2019] [ssl:warn] [pid 1034] AH01909: RSA certificate configured for orangehrmdev.com:443 does NOT include an ID which matches the server name
[Thu Apr 25 16:20:22.503631 2019] [ssl:warn] [pid 469] AH01909: RSA certificate configured for orangehrmdev.com:443 does NOT include an ID which matches the server name
[Thu Apr 25 16:20:24.211565 2019] [ssl:warn] [pid 469] AH01909: RSA certificate configured for orangehrmdev.com:443 does NOT include an ID which matches the server name
[Thu Apr 25 16:25:19.220891 2019] [ssl:warn] [pid 373] AH01909: RSA certificate configured for orangehrmdev.com:443 does NOT include an ID which matches the server name
[Thu Apr 25 16:25:22.335987 2019] [ssl:warn] [pid 373] AH01909: RSA certificate configured for orangehrmdev.com:443 does NOT include an ID which matches the server name
[Thu Apr 25 16:42:38.687962 2019] [ssl:warn] [pid 500] AH01909: RSA certificate configured for orangehrmdev.com:443 does NOT include an ID which matches the server name
[Thu Apr 25 16:42:39.659270 2019] [ssl:warn] [pid 500] AH01909: RSA certificate configured for orangehrmdev.com:443 does NOT include an ID which matches the server name
[Thu Apr 25 16:45:12.600358 2019] [ssl:warn] [pid 1832] AH01909: RSA certificate configured for orangehrmdev.com:443 does NOT include an ID which matches the server name
[Thu Apr 25 16:45:12.667581 2019] [ssl:warn] [pid 1832] AH01909: RSA certificate configured for orangehrmdev.com:443 does NOT include an ID which matches the server name
[Thu Apr 25 17:09:29.805001 2019] [ssl:warn] [pid 1754] AH01909: RSA certificate configured for orangehrmdev.com:443 does NOT include an ID which matches the server name
[Thu Apr 25 17:09:30.764362 2019] [ssl:warn] [pid 1754] AH01909: RSA certificate configured for orangehrmdev.com:443 does NOT include an ID which matches the server name
[Thu Apr 25 19:31:31.936523 2019] [ssl:warn] [pid 582] AH01909: RSA certificate configured for orangehrmdev.com:443 does NOT include an ID which matches the server name
[Thu Apr 25 19:31:33.091095 2019] [ssl:warn] [pid 582] AH01909: RSA certificate configured for orangehrmdev.com:443 does NOT include an ID which matches the server name
[Fri Apr 26 08:34:10.500473 2019] [ssl:warn] [pid 336] AH01909: RSA certificate configured for orangehrmdev.com:443 does NOT include an ID which matches the server name
[Fri Apr 26 08:34:10.831451 2019] [ssl:warn] [pid 336] AH01909: RSA certificate configured for orangehrmdev.com:443 does NOT include an ID which matches the server name
[Fri Apr 26 08:52:14.164557 2019] [ssl:warn] [pid 453] AH01909: RSA certificate configured for orangehrmdev.com:443 does NOT include an ID which matches the server name
[Fri Apr 26 08:52:14.503005 2019] [ssl:warn] [pid 453] AH01909: RSA certificate configured for orangehrmdev.com:443 does NOT include an ID which matches the server name
[Fri Apr 26 08:59:55.643749 2019] [ssl:warn] [pid 883] AH01909: RSA certificate configured for orangehrmdev.com:443 does NOT include an ID which matches the server name
[Fri Apr 26 08:59:56.792594 2019] [ssl:warn] [pid 883] AH01909: RSA certificate configured for orangehrmdev.com:443 does NOT include an ID which matches the server name
[Fri Apr 26 09:05:30.404408 2019] [ssl:warn] [pid 408] AH01909: RSA certificate configured for orangehrmdev.com:443 does NOT include an ID which matches the server name
[Fri Apr 26 09:05:31.259611 2019] [ssl:warn] [pid 408] AH01909: RSA certificate configured for orangehrmdev.com:443 does NOT include an ID which matches the server name
[Fri Apr 26 09:47:55.268345 2019] [ssl:warn] [pid 1573] AH01909: RSA certificate configured for orangehrmdev.com:443 does NOT include an ID which matches the server name
[Fri Apr 26 09:47:56.376567 2019] [ssl:warn] [pid 1573] AH01909: RSA certificate configured for orangehrmdev.com:443 does NOT include an ID which matches the server name
[Fri Apr 26 10:35:50.842046 2019] [ssl:warn] [pid 631] AH01909: RSA certificate configured for orangehrmdev.com:443 does NOT include an ID which matches the server name
[Fri Apr 26 10:35:52.170157 2019] [ssl:warn] [pid 631] AH01909: RSA certificate configured for orangehrmdev.com:443 does NOT include an ID which matches the server name
[Fri Apr 26 10:48:01.610403 2019] [ssl:warn] [pid 1953] AH01909: RSA certificate configured for orangehrmdev.com:443 does NOT include an ID which matches the server name
[Fri Apr 26 10:48:02.177981 2019] [ssl:warn] [pid 1953] AH01909: RSA certificate configured for orangehrmdev.com:443 does NOT include an ID which matches the server name
[Fri Apr 26 10:51:32.360169 2019] [ssl:warn] [pid 306] AH01909: RSA certificate configured for orangehrmdev.com:443 does NOT include an ID which matches the server name
[Fri Apr 26 10:51:32.959021 2019] [ssl:warn] [pid 306] AH01909: RSA certificate configured for orangehrmdev.com:443 does NOT include an ID which matches the server name
[Fri Apr 26 10:57:01.630671 2019] [ssl:warn] [pid 367] AH01909: RSA certificate configured for orangehrmdev.com:443 does NOT include an ID which matches the server name
[Fri Apr 26 10:57:01.980766 2019] [ssl:warn] [pid 367] AH01909: RSA certificate configured for orangehrmdev.com:443 does NOT include an ID which matches the server name
[Fri Apr 26 11:02:34.400348 2019] [ssl:warn] [pid 306] AH01909: RSA certificate configured for orangehrmdev.com:443 does NOT include an ID which matches the server name
[Fri Apr 26 11:02:34.809230 2019] [ssl:warn] [pid 306] AH01909: RSA certificate configured for orangehrmdev.com:443 does NOT include an ID which matches the server name
[Fri Apr 26 11:04:19.013358 2019] [ssl:warn] [pid 441] AH01909: RSA certificate configured for orangehrmdev.com:443 does NOT include an ID which matches the server name
[Fri Apr 26 11:04:19.344528 2019] [ssl:warn] [pid 441] AH01909: RSA certificate configured for orangehrmdev.com:443 does NOT include an ID which matches the server name
[Fri Apr 26 11:06:31.891292 2019] [ssl:warn] [pid 1355] AH01909: RSA certificate configured for orangehrmdev.com:443 does NOT include an ID which matches the server name
[Fri Apr 26 11:06:32.568132 2019] [ssl:warn] [pid 1355] AH01909: RSA certificate configured for orangehrmdev.com:443 does NOT include an ID which matches the server name
[Fri Apr 26 11:49:01.750688 2019] [ssl:warn] [pid 3079] AH01909: RSA certificate configured for orangehrmdev.com:443 does NOT include an ID which matches the server name
[Fri Apr 26 11:49:01.855034 2019] [ssl:warn] [pid 3079] AH01909: RSA certificate configured for orangehrmdev.com:443 does NOT include an ID which matches the server name
[Fri Apr 26 11:52:06.090488 2019] [ssl:warn] [pid 376] AH01909: RSA certificate configured for orangehrmdev.com:443 does NOT include an ID which matches the server name
[Fri Apr 26 11:52:07.930237 2019] [ssl:warn] [pid 376] AH01909: RSA certificate configured for orangehrmdev.com:443 does NOT include an ID which matches the server name
[Fri Apr 26 11:58:12.987757 2019] [ssl:warn] [pid 1023] AH01909: RSA certificate configured for orangehrmdev.com:443 does NOT include an ID which matches the server name
[Fri Apr 26 11:58:13.852027 2019] [ssl:warn] [pid 1023] AH01909: RSA certificate configured for orangehrmdev.com:443 does NOT include an ID which matches the server name
[Fri Apr 26 12:03:32.840556 2019] [ssl:warn] [pid 952] AH01909: RSA certificate configured for orangehrmdev.com:443 does NOT include an ID which matches the server name
[Fri Apr 26 12:03:33.428566 2019] [ssl:warn] [pid 952] AH01909: RSA certificate configured for orangehrmdev.com:443 does NOT include an ID which matches the server name
[Fri Apr 26 12:06:14.760544 2019] [ssl:warn] [pid 449] AH01909: RSA certificate configured for orangehrmdev.com:443 does NOT include an ID which matches the server name
[Fri Apr 26 12:06:19.124737 2019] [ssl:warn] [pid 449] AH01909: RSA certificate configured for orangehrmdev.com:443 does NOT include an ID which matches the server name
[Fri Apr 26 12:09:52.750097 2019] [ssl:warn] [pid 437] AH01909: RSA certificate configured for orangehrmdev.com:443 does NOT include an ID which matches the server name
[Fri Apr 26 12:09:53.140279 2019] [ssl:warn] [pid 437] AH01909: RSA certificate configured for orangehrmdev.com:443 does NOT include an ID which matches the server name
[Fri Apr 26 12:10:30.563392 2019] [ssl:warn] [pid 406] AH01909: RSA certificate configured for orangehrmdev.com:443 does NOT include an ID which matches the server name
[Fri Apr 26 12:10:31.100389 2019] [ssl:warn] [pid 406] AH01909: RSA certificate configured for orangehrmdev.com:443 does NOT include an ID which matches the server name
[Fri Apr 26 12:28:26.249169 2019] [ssl:warn] [pid 2280] AH01909: RSA certificate configured for orangehrmdev.com:443 does NOT include an ID which matches the server name
[Fri Apr 26 12:28:26.725692 2019] [ssl:warn] [pid 2280] AH01909: RSA certificate configured for orangehrmdev.com:443 does NOT include an ID which matches the server name
[Fri Apr 26 12:30:32.740601 2019] [ssl:warn] [pid 1991] AH01909: RSA certificate configured for orangehrmdev.com:443 does NOT include an ID which matches the server name
[Fri Apr 26 12:30:36.019347 2019] [ssl:warn] [pid 1991] AH01909: RSA certificate configured for orangehrmdev.com:443 does NOT include an ID which matches the server name
[Fri Apr 26 12:36:38.336851 2019] [ssl:warn] [pid 5023] AH01909: RSA certificate configured for orangehrmdev.com:443 does NOT include an ID which matches the server name
[Fri Apr 26 12:36:38.950781 2019] [ssl:warn] [pid 5023] AH01909: RSA certificate configured for orangehrmdev.com:443 does NOT include an ID which matches the server name
[Fri Apr 26 12:40:06.724604 2019] [ssl:warn] [pid 3450] AH01909: RSA certificate configured for orangehrmdev.com:443 does NOT include an ID which matches the server name
[Fri Apr 26 12:40:08.523198 2019] [ssl:warn] [pid 3450] AH01909: RSA certificate configured for orangehrmdev.com:443 does NOT include an ID which matches the server name
[Fri Apr 26 12:46:59.120757 2019] [ssl:warn] [pid 1154] AH01909: RSA certificate configured for orangehrmdev.com:443 does NOT include an ID which matches the server name
[Fri Apr 26 12:46:59.775787 2019] [ssl:warn] [pid 1154] AH01909: RSA certificate configured for orangehrmdev.com:443 does NOT include an ID which matches the server name
[Fri Apr 26 12:53:17.038595 2019] [ssl:warn] [pid 459] AH01909: RSA certificate configured for orangehrmdev.com:443 does NOT include an ID which matches the server name
[Fri Apr 26 12:53:17.367480 2019] [ssl:warn] [pid 459] AH01909: RSA certificate configured for orangehrmdev.com:443 does NOT include an ID which matches the server name
[Fri Apr 26 12:55:20.609456 2019] [ssl:warn] [pid 382] AH01909: RSA certificate configured for orangehrmdev.com:443 does NOT include an ID which matches the server name
[Fri Apr 26 12:55:21.619333 2019] [ssl:warn] [pid 382] AH01909: RSA certificate configured for orangehrmdev.com:443 does NOT include an ID which matches the server name
