[Sun Nov 04 06:35:38.247157 2018] [ssl:warn] [pid 30] AH01909: RSA certificate configured for orangehrmdev.com:443 does NOT include an ID which matches the server name
[Sun Nov 04 06:35:38.371731 2018] [ssl:warn] [pid 30] AH01909: RSA certificate configured for orangehrmdev.com:443 does NOT include an ID which matches the server name
[Sun Nov 04 06:37:42.676408 2018] [ssl:warn] [pid 31] AH01909: RSA certificate configured for orangehrmdev.com:443 does NOT include an ID which matches the server name
[Sun Nov 04 06:37:42.738063 2018] [ssl:warn] [pid 31] AH01909: RSA certificate configured for orangehrmdev.com:443 does NOT include an ID which matches the server name
[Mon Nov 05 10:40:47.040812 2018] [ssl:warn] [pid 35] AH01909: RSA certificate configured for orangehrmdev.com:443 does NOT include an ID which matches the server name
[Mon Nov 05 10:40:47.223193 2018] [ssl:warn] [pid 35] AH01909: RSA certificate configured for orangehrmdev.com:443 does NOT include an ID which matches the server name


[Mon Dec 03 17:45:33.624759 2018] [ssl:warn] [pid 30] AH01909: RSA certificate configured for orangehrmdev.com:443 does NOT include an ID which matches the server name
[Mon Dec 03 17:45:36.256525 2018] [ssl:warn] [pid 30] AH01909: RSA certificate configured for orangehrmdev.com:443 does NOT include an ID which matches the server name
[Mon Dec 03 18:10:51.472509 2018] [ssl:warn] [pid 31] AH01909: RSA certificate configured for orangehrmdev.com:443 does NOT include an ID which matches the server name
[Mon Dec 03 18:10:53.478031 2018] [ssl:warn] [pid 31] AH01909: RSA certificate configured for orangehrmdev.com:443 does NOT include an ID which matches the server name
[Fri Mar 01 15:53:25.185432 2019] [ssl:warn] [pid 32] AH01909: RSA certificate configured for orangehrmdev.com:443 does NOT include an ID which matches the server name
[Fri Mar 01 15:53:25.603578 2019] [ssl:warn] [pid 32] AH01909: RSA certificate configured for orangehrmdev.com:443 does NOT include an ID which matches the server name
[Fri Mar 01 16:22:53.845252 2019] [ssl:warn] [pid 37] AH01909: RSA certificate configured for orangehrmdev.com:443 does NOT include an ID which matches the server name
[Fri Mar 01 16:22:54.818434 2019] [ssl:warn] [pid 37] AH01909: RSA certificate configured for orangehrmdev.com:443 does NOT include an ID which matches the server name
[Fri Mar 01 16:25:45.333198 2019] [ssl:warn] [pid 32] AH01909: RSA certificate configured for orangehrmdev.com:443 does NOT include an ID which matches the server name
[Fri Mar 01 16:25:45.528502 2019] [ssl:warn] [pid 32] AH01909: RSA certificate configured for orangehrmdev.com:443 does NOT include an ID which matches the server name
[Fri Mar 01 16:28:55.470459 2019] [ssl:warn] [pid 32] AH01909: RSA certificate configured for orangehrmdev.com:443 does NOT include an ID which matches the server name
[Fri Mar 01 16:28:55.671840 2019] [ssl:warn] [pid 32] AH01909: RSA certificate configured for orangehrmdev.com:443 does NOT include an ID which matches the server name
[Fri Mar 01 16:35:00.676376 2019] [ssl:warn] [pid 37] AH01909: RSA certificate configured for orangehrmdev.com:443 does NOT include an ID which matches the server name
[Fri Mar 01 16:35:00.757202 2019] [ssl:warn] [pid 37] AH01909: RSA certificate configured for orangehrmdev.com:443 does NOT include an ID which matches the server name
[Sat Mar 02 07:30:26.929298 2019] [ssl:warn] [pid 32] AH01909: RSA certificate configured for orangehrmdev.com:443 does NOT include an ID which matches the server name
[Sat Mar 02 07:30:27.121766 2019] [ssl:warn] [pid 32] AH01909: RSA certificate configured for orangehrmdev.com:443 does NOT include an ID which matches the server name
[Sat Mar 02 07:33:17.634502 2019] [ssl:warn] [pid 37] AH01909: RSA certificate configured for orangehrmdev.com:443 does NOT include an ID which matches the server name
[Sat Mar 02 07:33:17.692128 2019] [ssl:warn] [pid 37] AH01909: RSA certificate configured for orangehrmdev.com:443 does NOT include an ID which matches the server name
[Sat Mar 02 07:37:31.202005 2019] [ssl:warn] [pid 33] AH01909: RSA certificate configured for orangehrmdev.com:443 does NOT include an ID which matches the server name
[Sat Mar 02 07:37:31.326927 2019] [ssl:warn] [pid 33] AH01909: RSA certificate configured for orangehrmdev.com:443 does NOT include an ID which matches the server name
[Sat Mar 02 07:57:08.567607 2019] [ssl:warn] [pid 33] AH01909: RSA certificate configured for orangehrmdev.com:443 does NOT include an ID which matches the server name
[Sat Mar 02 07:57:08.636393 2019] [ssl:warn] [pid 33] AH01909: RSA certificate configured for orangehrmdev.com:443 does NOT include an ID which matches the server name
[Sat Mar 02 08:36:27.279961 2019] [ssl:warn] [pid 37] AH01909: RSA certificate configured for orangehrmdev.com:443 does NOT include an ID which matches the server name
[Sat Mar 02 08:36:36.764462 2019] [ssl:warn] [pid 37] AH01909: RSA certificate configured for orangehrmdev.com:443 does NOT include an ID which matches the server name
[Sat Mar 02 09:38:45.750699 2019] [ssl:warn] [pid 32] AH01909: RSA certificate configured for orangehrmdev.com:443 does NOT include an ID which matches the server name
[Sat Mar 02 09:38:46.048720 2019] [ssl:warn] [pid 32] AH01909: RSA certificate configured for orangehrmdev.com:443 does NOT include an ID which matches the server name
[Sat Mar 02 11:22:40.762656 2019] [ssl:warn] [pid 33] AH01909: RSA certificate configured for orangehrmdev.com:443 does NOT include an ID which matches the server name
[Sat Mar 02 11:22:42.877951 2019] [ssl:warn] [pid 33] AH01909: RSA certificate configured for orangehrmdev.com:443 does NOT include an ID which matches the server name
[Sat Mar 02 12:47:39.247452 2019] [ssl:warn] [pid 31] AH01909: RSA certificate configured for orangehrmdev.com:443 does NOT include an ID which matches the server name
[Sat Mar 02 12:47:39.611167 2019] [ssl:warn] [pid 31] AH01909: RSA certificate configured for orangehrmdev.com:443 does NOT include an ID which matches the server name
[Sat Mar 02 12:50:47.011320 2019] [ssl:warn] [pid 33] AH01909: RSA certificate configured for orangehrmdev.com:443 does NOT include an ID which matches the server name
[Sat Mar 02 12:50:47.099987 2019] [ssl:warn] [pid 33] AH01909: RSA certificate configured for orangehrmdev.com:443 does NOT include an ID which matches the server name
[Sun Mar 03 08:26:06.704594 2019] [ssl:warn] [pid 32] AH01909: RSA certificate configured for orangehrmdev.com:443 does NOT include an ID which matches the server name
[Sun Mar 03 08:26:07.489900 2019] [ssl:warn] [pid 32] AH01909: RSA certificate configured for orangehrmdev.com:443 does NOT include an ID which matches the server name
[Sun Mar 03 08:41:50.375603 2019] [ssl:warn] [pid 32] AH01909: RSA certificate configured for orangehrmdev.com:443 does NOT include an ID which matches the server name
[Sun Mar 03 08:41:50.420538 2019] [ssl:warn] [pid 32] AH01909: RSA certificate configured for orangehrmdev.com:443 does NOT include an ID which matches the server name
[Sun Mar 03 08:53:53.704452 2019] [ssl:warn] [pid 31] AH01909: RSA certificate configured for orangehrmdev.com:443 does NOT include an ID which matches the server name
[Sun Mar 03 08:53:53.979891 2019] [ssl:warn] [pid 31] AH01909: RSA certificate configured for orangehrmdev.com:443 does NOT include an ID which matches the server name
[Sun Mar 03 09:04:13.228491 2019] [ssl:warn] [pid 31] AH01909: RSA certificate configured for orangehrmdev.com:443 does NOT include an ID which matches the server name
[Sun Mar 03 09:04:13.342856 2019] [ssl:warn] [pid 31] AH01909: RSA certificate configured for orangehrmdev.com:443 does NOT include an ID which matches the server name
[Sun Mar 03 09:09:26.484292 2019] [ssl:warn] [pid 32] AH01909: RSA certificate configured for orangehrmdev.com:443 does NOT include an ID which matches the server name
[Sun Mar 03 09:09:26.639139 2019] [ssl:warn] [pid 32] AH01909: RSA certificate configured for orangehrmdev.com:443 does NOT include an ID which matches the server name
[Sun Mar 03 09:12:04.842780 2019] [ssl:warn] [pid 31] AH01909: RSA certificate configured for orangehrmdev.com:443 does NOT include an ID which matches the server name
[Sun Mar 03 09:12:05.273831 2019] [ssl:warn] [pid 31] AH01909: RSA certificate configured for orangehrmdev.com:443 does NOT include an ID which matches the server name
[Mon Mar 04 10:19:01.581876 2019] [ssl:warn] [pid 30] AH01909: RSA certificate configured for orangehrmdev.com:443 does NOT include an ID which matches the server name
[Mon Mar 04 10:19:01.947692 2019] [ssl:warn] [pid 30] AH01909: RSA certificate configured for orangehrmdev.com:443 does NOT include an ID which matches the server name
[Mon Mar 04 10:43:56.649527 2019] [ssl:warn] [pid 32] AH01909: RSA certificate configured for orangehrmdev.com:443 does NOT include an ID which matches the server name
[Mon Mar 04 10:44:01.311652 2019] [ssl:warn] [pid 32] AH01909: RSA certificate configured for orangehrmdev.com:443 does NOT include an ID which matches the server name
