[Fri Feb 28 12:25:32.224677 2020] [ssl:warn] [pid 77] AH01909: orangehrmdev.com:443:0 server certificate does NOT include an ID which matches the server name
[Fri Feb 28 12:25:32.225080 2020] [ssl:warn] [pid 77] AH01909: orangehrm.com:443:0 server certificate does NOT include an ID which matches the server name
[Fri Feb 28 12:25:32.225405 2020] [ssl:warn] [pid 77] AH01909: orangehrmdev.com:443:0 server certificate does NOT include an ID which matches the server name
[Fri Feb 28 12:25:32.401856 2020] [ssl:warn] [pid 103] AH01909: orangehrmdev.com:443:0 server certificate does NOT include an ID which matches the server name
[Fri Feb 28 12:25:32.402237 2020] [ssl:warn] [pid 103] AH01909: orangehrm.com:443:0 server certificate does NOT include an ID which matches the server name
[Fri Feb 28 12:25:32.402569 2020] [ssl:warn] [pid 103] AH01909: orangehrmdev.com:443:0 server certificate does NOT include an ID which matches the server name
[Fri Feb 28 12:25:32.407218 2020] [mpm_prefork:notice] [pid 103] AH00163: Apache/2.4.29 (Ubuntu) OpenSSL/1.1.1 configured -- resuming normal operations
[Fri Feb 28 12:25:32.407265 2020] [core:notice] [pid 103] AH00094: Command line: '/usr/sbin/apache2'
[Wed Jan 05 12:39:25.099160 2022] [ssl:warn] [pid 511] AH01909: orangehrmdev.com:443:0 server certificate does NOT include an ID which matches the server name
[Wed Jan 05 12:39:25.116218 2022] [ssl:warn] [pid 511] AH01909: orangehrm.com:443:0 server certificate does NOT include an ID which matches the server name
[Wed Jan 05 12:39:25.117725 2022] [ssl:warn] [pid 511] AH01909: orangehrmdev.com:443:0 server certificate does NOT include an ID which matches the server name
[Wed Jan 05 12:39:25.126464 2022] [so:warn] [pid 511] AH01574: module dav_module is already loaded, skipping
[Wed Jan 05 12:39:27.778782 2022] [ssl:warn] [pid 512] AH01909: orangehrmdev.com:443:0 server certificate does NOT include an ID which matches the server name
[Wed Jan 05 12:39:27.779271 2022] [ssl:warn] [pid 512] AH01909: orangehrm.com:443:0 server certificate does NOT include an ID which matches the server name
[Wed Jan 05 12:39:27.779685 2022] [ssl:warn] [pid 512] AH01909: orangehrmdev.com:443:0 server certificate does NOT include an ID which matches the server name
[Wed Jan 05 12:39:27.779851 2022] [core:warn] [pid 512] AH00098: pid file /var/run/apache2/apache2.pid overwritten -- Unclean shutdown of previous Apache run?
[Wed Jan 05 12:39:27.787010 2022] [mpm_prefork:notice] [pid 512] AH00163: Apache/2.4.41 (Ubuntu) SVN/1.13.0 OpenSSL/1.1.1f configured -- resuming normal operations
[Wed Jan 05 12:39:27.787080 2022] [core:notice] [pid 512] AH00094: Command line: '/usr/sbin/apache2'
[Wed Jan 05 14:28:47.278723 2022] [mpm_prefork:notice] [pid 512] AH00169: caught SIGTERM, shutting down
[Wed Jan 05 14:28:48.184053 2022] [ssl:warn] [pid 1106] AH01909: orangehrmdev.com:443:0 server certificate does NOT include an ID which matches the server name
[Wed Jan 05 14:28:48.202086 2022] [ssl:warn] [pid 1106] AH01909: orangehrm.com:443:0 server certificate does NOT include an ID which matches the server name
[Wed Jan 05 14:28:48.202923 2022] [ssl:warn] [pid 1106] AH01909: orangehrmdev.com:443:0 server certificate does NOT include an ID which matches the server name
[Wed Jan 05 14:28:48.210765 2022] [so:warn] [pid 1106] AH01574: module dav_module is already loaded, skipping
[Wed Jan 05 14:28:49.224750 2022] [ssl:warn] [pid 1107] AH01909: orangehrmdev.com:443:0 server certificate does NOT include an ID which matches the server name
[Wed Jan 05 14:28:49.225191 2022] [ssl:warn] [pid 1107] AH01909: orangehrm.com:443:0 server certificate does NOT include an ID which matches the server name
[Wed Jan 05 14:28:49.225571 2022] [ssl:warn] [pid 1107] AH01909: orangehrmdev.com:443:0 server certificate does NOT include an ID which matches the server name
[Wed Jan 05 14:28:49.231321 2022] [mpm_prefork:notice] [pid 1107] AH00163: Apache/2.4.41 (Ubuntu) SVN/1.13.0 OpenSSL/1.1.1f configured -- resuming normal operations
[Wed Jan 05 14:28:49.231376 2022] [core:notice] [pid 1107] AH00094: Command line: '/usr/sbin/apache2'
[Wed Jan 05 14:45:40.368307 2022] [mpm_prefork:notice] [pid 1107] AH00169: caught SIGTERM, shutting down
[Wed Jan 05 14:45:41.411062 2022] [ssl:warn] [pid 1169] AH01909: orangehrmdev.com:443:0 server certificate does NOT include an ID which matches the server name
[Wed Jan 05 14:45:41.411496 2022] [ssl:warn] [pid 1169] AH01909: orangehrmdev.com:443:0 server certificate does NOT include an ID which matches the server name
[Wed Jan 05 14:45:41.415686 2022] [so:warn] [pid 1169] AH01574: module dav_module is already loaded, skipping
[Wed Jan 05 14:45:41.464766 2022] [ssl:warn] [pid 1170] AH01909: orangehrmdev.com:443:0 server certificate does NOT include an ID which matches the server name
[Wed Jan 05 14:45:41.465046 2022] [ssl:warn] [pid 1170] AH01909: orangehrmdev.com:443:0 server certificate does NOT include an ID which matches the server name
[Wed Jan 05 14:45:41.470429 2022] [mpm_prefork:notice] [pid 1170] AH00163: Apache/2.4.41 (Ubuntu) SVN/1.13.0 OpenSSL/1.1.1f configured -- resuming normal operations
[Wed Jan 05 14:45:41.470488 2022] [core:notice] [pid 1170] AH00094: Command line: '/usr/sbin/apache2'
[Wed Jan 05 15:45:33.898498 2022] [mpm_prefork:notice] [pid 1170] AH00169: caught SIGTERM, shutting down
[Wed Jan 05 15:45:34.980550 2022] [ssl:warn] [pid 1275] AH01909: orangehrmdev.com:443:0 server certificate does NOT include an ID which matches the server name
[Wed Jan 05 15:45:34.984277 2022] [so:warn] [pid 1275] AH01574: module dav_module is already loaded, skipping
[Wed Jan 05 15:45:36.039397 2022] [ssl:warn] [pid 1276] AH01909: orangehrmdev.com:443:0 server certificate does NOT include an ID which matches the server name
[Wed Jan 05 15:45:36.045938 2022] [mpm_prefork:notice] [pid 1276] AH00163: Apache/2.4.41 (Ubuntu) SVN/1.13.0 OpenSSL/1.1.1f configured -- resuming normal operations
[Wed Jan 05 15:45:36.045995 2022] [core:notice] [pid 1276] AH00094: Command line: '/usr/sbin/apache2'
[Wed Jan 05 16:34:52.852725 2022] [ssl:warn] [pid 486] AH01909: orangehrmdev.com:443:0 server certificate does NOT include an ID which matches the server name
[Wed Jan 05 16:34:52.864463 2022] [so:warn] [pid 486] AH01574: module dav_module is already loaded, skipping
[Wed Jan 05 16:35:12.911738 2022] [ssl:warn] [pid 487] AH01909: orangehrmdev.com:443:0 server certificate does NOT include an ID which matches the server name
[Wed Jan 05 16:35:12.911966 2022] [core:warn] [pid 487] AH00098: pid file /var/run/apache2/apache2.pid overwritten -- Unclean shutdown of previous Apache run?
[Wed Jan 05 16:35:13.111063 2022] [mpm_prefork:notice] [pid 487] AH00163: Apache/2.4.41 (Ubuntu) SVN/1.13.0 OpenSSL/1.1.1f configured -- resuming normal operations
[Wed Jan 05 16:35:13.111229 2022] [core:notice] [pid 487] AH00094: Command line: '/usr/sbin/apache2'
[Wed Jan 05 21:17:59.726037 2022] [mpm_prefork:notice] [pid 487] AH00169: caught SIGTERM, shutting down
[Wed Jan 05 21:18:00.566797 2022] [ssl:warn] [pid 642] AH01909: orangehrmdev.com:443:0 server certificate does NOT include an ID which matches the server name
[Wed Jan 05 21:18:00.575120 2022] [so:warn] [pid 642] AH01574: module dav_module is already loaded, skipping
[Wed Jan 05 21:18:01.839205 2022] [ssl:warn] [pid 643] AH01909: orangehrmdev.com:443:0 server certificate does NOT include an ID which matches the server name
[Wed Jan 05 21:18:01.845889 2022] [mpm_prefork:notice] [pid 643] AH00163: Apache/2.4.41 (Ubuntu) SVN/1.13.0 OpenSSL/1.1.1f configured -- resuming normal operations
[Wed Jan 05 21:18:01.845962 2022] [core:notice] [pid 643] AH00094: Command line: '/usr/sbin/apache2'
[Wed Jan 05 22:05:47.769647 2022] [so:warn] [pid 505] AH01574: module dav_module is already loaded, skipping
[Wed Jan 05 22:05:50.054957 2022] [core:warn] [pid 506] AH00098: pid file /var/run/apache2/apache2.pid overwritten -- Unclean shutdown of previous Apache run?
[Wed Jan 05 22:05:50.059670 2022] [mpm_prefork:notice] [pid 506] AH00163: Apache/2.4.41 (Ubuntu) SVN/1.13.0 OpenSSL/1.1.1f configured -- resuming normal operations
[Wed Jan 05 22:05:50.059715 2022] [core:notice] [pid 506] AH00094: Command line: '/usr/sbin/apache2'
[Thu Jan 06 15:53:49.366911 2022] [so:warn] [pid 8] AH01574: module dav_module is already loaded, skipping
[Thu Jan 06 15:54:11.207887 2022] [core:warn] [pid 8] AH00098: pid file /var/run/apache2/apache2.pid overwritten -- Unclean shutdown of previous Apache run?
[Thu Jan 06 15:54:11.216835 2022] [mpm_prefork:notice] [pid 8] AH00163: Apache/2.4.41 (Ubuntu) SVN/1.13.0 OpenSSL/1.1.1f configured -- resuming normal operations
[Thu Jan 06 15:54:11.216882 2022] [core:notice] [pid 8] AH00094: Command line: '/usr/sbin/apache2 -D FOREGROUND'
