update-alternatives 2016-12-14 01:10:18: run with --quiet --install /usr/bin/awk awk /usr/bin/mawk 5 --slave /usr/share/man/man1/awk.1.gz awk.1.gz /usr/share/man/man1/mawk.1.gz --slave /usr/bin/nawk nawk /usr/bin/mawk --slave /usr/share/man/man1/nawk.1.gz nawk.1.gz /usr/share/man/man1/mawk.1.gz
update-alternatives 2016-12-14 01:10:18: link group awk updated to point to /usr/bin/mawk
update-alternatives 2016-12-14 01:10:24: run with --install /bin/mt mt /bin/mt-gnu 10 --slave /usr/share/man/man1/mt.1.gz mt.1.gz /usr/share/man/man1/mt-gnu.1.gz
update-alternatives 2016-12-14 01:10:24: link group mt updated to point to /bin/mt-gnu
update-alternatives 2016-12-14 01:10:24: run with --quiet --install /usr/bin/awk awk /usr/bin/mawk 5 --slave /usr/share/man/man1/awk.1.gz awk.1.gz /usr/share/man/man1/mawk.1.gz --slave /usr/bin/nawk nawk /usr/bin/mawk --slave /usr/share/man/man1/nawk.1.gz nawk.1.gz /usr/share/man/man1/mawk.1.gz
update-alternatives 2016-12-14 01:10:29: run with --install /usr/sbin/rmt rmt /usr/sbin/rmt-tar 50 --slave /usr/share/man/man8/rmt.8.gz rmt.8.gz /usr/share/man/man8/rmt-tar.8.gz
update-alternatives 2016-12-14 01:10:29: link group rmt updated to point to /usr/sbin/rmt-tar
update-alternatives 2016-12-14 01:10:29: run with --install /usr/share/man/man7/builtins.7.gz builtins.7.gz /usr/share/man/man7/bash-builtins.7.gz 10
update-alternatives 2016-12-14 01:10:29: link group builtins.7.gz updated to point to /usr/share/man/man7/bash-builtins.7.gz
update-alternatives 2016-12-14 01:10:31: run with --install /usr/bin/pager pager /bin/more 50 --slave /usr/share/man/man1/pager.1.gz pager.1.gz /usr/share/man/man1/more.1.gz
update-alternatives 2016-12-14 01:10:31: link group pager updated to point to /bin/more
update-alternatives 2016-12-14 01:10:31: run with --install /usr/bin/pager pager /usr/bin/pg 10 --slave /usr/share/man/man1/pager.1.gz pager.1.gz /usr/share/man/man1/pg.1.gz
update-alternatives 2016-12-14 01:10:31: run with --install /usr/bin/w w /usr/bin/w.procps 50 --slave /usr/share/man/man1/w.1.gz w.1.gz /usr/share/man/man1/w.procps.1.gz
update-alternatives 2016-12-14 01:10:31: link group w updated to point to /usr/bin/w.procps
update-alternatives 2016-12-14 01:10:41: run with --remove builtins.7.gz /usr/share/man/man7/bash-builtins.7.gz
update-alternatives 2016-12-14 01:10:41: link group builtins.7.gz fully removed
update-alternatives 2016-12-14 01:10:41: run with --install /usr/share/man/man7/builtins.7.gz builtins.7.gz /usr/share/man/man7/bash-builtins.7.gz 10
update-alternatives 2016-12-14 01:10:41: link group builtins.7.gz updated to point to /usr/share/man/man7/bash-builtins.7.gz
update-alternatives 2016-12-14 01:10:44: run with --install /usr/bin/pager pager /bin/more 50 --slave /usr/share/man/man1/pager.1.gz pager.1.gz /usr/share/man/man1/more.1.gz
update-alternatives 2016-12-14 01:10:44: run with --install /usr/bin/pager pager /usr/bin/pg 10 --slave /usr/share/man/man1/pager.1.gz pager.1.gz /usr/share/man/man1/pg.1.gz
update-alternatives 2016-12-14 01:10:45: run with --install /usr/sbin/rmt rmt /usr/sbin/rmt-tar 50 --slave /usr/share/man/man8/rmt.8.gz rmt.8.gz /usr/share/man/man8/rmt-tar.8.gz
update-alternatives 2016-12-14 01:10:48: run with --install /usr/bin/w w /usr/bin/w.procps 50 --slave /usr/share/man/man1/w.1.gz w.1.gz /usr/share/man/man1/w.procps.1.gz
update-alternatives 2016-12-14 01:10:48: run with --install /bin/mt mt /bin/mt-gnu 10 --slave /usr/share/man/man1/mt.1.gz mt.1.gz /usr/share/man/man1/mt-gnu.1.gz
update-alternatives 2016-12-14 01:10:57: run with --install /etc/newt/palette newt-palette /etc/newt/palette.ubuntu 50
update-alternatives 2016-12-14 01:10:57: link group newt-palette updated to point to /etc/newt/palette.ubuntu
update-alternatives 2016-12-14 01:10:57: run with --install /etc/newt/palette newt-palette /etc/newt/palette.original 20
update-alternatives 2016-12-14 01:10:57: run with --install /usr/bin/view view /usr/bin/see 1 --slave /usr/share/man/man1/view.1.gz view.1.gz /usr/share/man/man1/see.1.gz
update-alternatives 2016-12-14 01:10:57: link group view updated to point to /usr/bin/see
update-alternatives 2016-12-14 01:10:59: run with --quiet --install /usr/bin/pager pager /bin/less 77 --slave /usr/share/man/man1/pager.1.gz pager.1.gz /usr/share/man/man1/less.1.gz
update-alternatives 2016-12-14 01:10:59: link group pager updated to point to /bin/less
update-alternatives 2016-12-14 01:11:00: run with --quiet --install /usr/bin/pager pager /bin/less 77 --slave /usr/share/man/man1/pager.1.gz pager.1.gz /usr/share/man/man1/less.1.gz
update-alternatives 2016-12-14 01:11:00: run with --install /bin/nc nc /bin/nc.openbsd 50 --slave /bin/netcat netcat /bin/nc.openbsd --slave /usr/share/man/man1/nc.1.gz nc.1.gz /usr/share/man/man1/nc_openbsd.1.gz --slave /usr/share/man/man1/netcat.1.gz netcat.1.gz /usr/share/man/man1/nc_openbsd.1.gz
update-alternatives 2016-12-14 01:11:00: link group nc updated to point to /bin/nc.openbsd
update-alternatives 2016-12-14 01:11:00: run with --install /usr/bin/rview rview /usr/bin/vim.tiny 10
update-alternatives 2016-12-14 01:11:00: link group rview updated to point to /usr/bin/vim.tiny
update-alternatives 2016-12-14 01:11:00: run with --install /usr/bin/vi vi /usr/bin/vim.tiny 10 --slave /usr/share/man/fr/man1/vi.1.gz vi.fr.1.gz /usr/share/man/fr/man1/vim.1.gz --slave /usr/share/man/it/man1/vi.1.gz vi.it.1.gz /usr/share/man/it/man1/vim.1.gz --slave /usr/share/man/pl/man1/vi.1.gz vi.pl.1.gz /usr/share/man/pl/man1/vim.1.gz --slave /usr/share/man/ru/man1/vi.1.gz vi.ru.1.gz /usr/share/man/ru/man1/vim.1.gz --slave /usr/share/man/ja/man1/vi.1.gz vi.ja.1.gz /usr/share/man/ja/man1/vim.1.gz --slave /usr/share/man/man1/vi.1.gz vi.1.gz /usr/share/man/man1/vim.1.gz
update-alternatives 2016-12-14 01:11:00: link group vi updated to point to /usr/bin/vim.tiny
update-alternatives 2016-12-14 01:11:00: run with --install /usr/bin/view view /usr/bin/vim.tiny 10 --slave /usr/share/man/fr/man1/view.1.gz view.fr.1.gz /usr/share/man/fr/man1/vim.1.gz --slave /usr/share/man/it/man1/view.1.gz view.it.1.gz /usr/share/man/it/man1/vim.1.gz --slave /usr/share/man/pl/man1/view.1.gz view.pl.1.gz /usr/share/man/pl/man1/vim.1.gz --slave /usr/share/man/ru/man1/view.1.gz view.ru.1.gz /usr/share/man/ru/man1/vim.1.gz --slave /usr/share/man/ja/man1/view.1.gz view.ja.1.gz /usr/share/man/ja/man1/vim.1.gz --slave /usr/share/man/man1/view.1.gz view.1.gz /usr/share/man/man1/vim.1.gz
update-alternatives 2016-12-14 01:11:00: link group view updated to point to /usr/bin/vim.tiny
update-alternatives 2016-12-14 01:11:00: run with --install /usr/bin/ex ex /usr/bin/vim.tiny 10 --slave /usr/share/man/fr/man1/ex.1.gz ex.fr.1.gz /usr/share/man/fr/man1/vim.1.gz --slave /usr/share/man/it/man1/ex.1.gz ex.it.1.gz /usr/share/man/it/man1/vim.1.gz --slave /usr/share/man/pl/man1/ex.1.gz ex.pl.1.gz /usr/share/man/pl/man1/vim.1.gz --slave /usr/share/man/ru/man1/ex.1.gz ex.ru.1.gz /usr/share/man/ru/man1/vim.1.gz --slave /usr/share/man/ja/man1/ex.1.gz ex.ja.1.gz /usr/share/man/ja/man1/vim.1.gz --slave /usr/share/man/man1/ex.1.gz ex.1.gz /usr/share/man/man1/vim.1.gz
update-alternatives 2016-12-14 01:11:00: link group ex updated to point to /usr/bin/vim.tiny
update-alternatives 2016-12-14 01:11:00: run with --install /usr/bin/editor editor /usr/bin/vim.tiny 10 --slave /usr/share/man/fr/man1/editor.1.gz editor.fr.1.gz /usr/share/man/fr/man1/vim.1.gz --slave /usr/share/man/it/man1/editor.1.gz editor.it.1.gz /usr/share/man/it/man1/vim.1.gz --slave /usr/share/man/pl/man1/editor.1.gz editor.pl.1.gz /usr/share/man/pl/man1/vim.1.gz --slave /usr/share/man/ru/man1/editor.1.gz editor.ru.1.gz /usr/share/man/ru/man1/vim.1.gz --slave /usr/share/man/ja/man1/editor.1.gz editor.ja.1.gz /usr/share/man/ja/man1/vim.1.gz --slave /usr/share/man/man1/editor.1.gz editor.1.gz /usr/share/man/man1/vim.1.gz
update-alternatives 2016-12-14 01:11:00: link group editor updated to point to /usr/bin/vim.tiny
update-alternatives 2016-12-14 01:11:01: run with --install /usr/bin/rename rename /usr/bin/prename 60 --slave /usr/share/man/man1/rename.1.gz rename.1.gz /usr/share/man/man1/prename.1.gz
update-alternatives 2016-12-14 01:11:01: link group rename updated to point to /usr/bin/prename
update-alternatives 2016-12-14 01:11:02: run with --install /etc/vtrgb vtrgb /etc/console-setup/vtrgb 50
update-alternatives 2016-12-14 01:11:02: link group vtrgb updated to point to /etc/console-setup/vtrgb
update-alternatives 2016-12-14 01:11:02: run with --install /etc/vtrgb vtrgb /etc/console-setup/vtrgb.vga 20
update-alternatives 2016-12-21 04:11:49: run with --force --install /etc/ld.so.conf.d/x86_64-linux-gnu_GL.conf x86_64-linux-gnu_gl_conf /usr/lib/x86_64-linux-gnu/mesa/ld.so.conf 500 --slave /usr/lib/x86_64-linux-gnu/xorg/extra-modules x86_64-linux-gnu_xorg_extra_modules /usr/lib/x86_64-linux-gnu/xorg/x11-extra-modules
update-alternatives 2016-12-21 04:11:49: link group x86_64-linux-gnu_gl_conf updated to point to /usr/lib/x86_64-linux-gnu/mesa/ld.so.conf
update-alternatives 2016-12-21 04:11:57: run with --install /usr/lib/x86_64-linux-gnu/libtxc_dxtn.so libtxc-dxtn-x86_64-linux-gnu /usr/lib/x86_64-linux-gnu/libtxc_dxtn_s2tc.so.0 10
update-alternatives 2016-12-21 04:11:57: link group libtxc-dxtn-x86_64-linux-gnu updated to point to /usr/lib/x86_64-linux-gnu/libtxc_dxtn_s2tc.so.0
update-alternatives 2016-12-21 04:11:58: run with --quiet --install /usr/bin/rsh rsh /usr/bin/ssh 20 --slave /usr/share/man/man1/rsh.1.gz rsh.1.gz /usr/share/man/man1/ssh.1.gz
update-alternatives 2016-12-21 04:11:58: link group rsh updated to point to /usr/bin/ssh
update-alternatives 2016-12-21 04:11:58: run with --quiet --install /usr/bin/rlogin rlogin /usr/bin/slogin 20 --slave /usr/share/man/man1/rlogin.1.gz rlogin.1.gz /usr/share/man/man1/slogin.1.gz
update-alternatives 2016-12-21 04:11:58: link group rlogin updated to point to /usr/bin/slogin
update-alternatives 2016-12-21 04:11:58: run with --quiet --install /usr/bin/rcp rcp /usr/bin/scp 20 --slave /usr/share/man/man1/rcp.1.gz rcp.1.gz /usr/share/man/man1/scp.1.gz
update-alternatives 2016-12-21 04:11:58: link group rcp updated to point to /usr/bin/scp
update-alternatives 2016-12-21 04:12:01: run with --quiet --install /lib/cpp cpp /usr/bin/cpp 10
update-alternatives 2016-12-21 04:12:01: link group cpp updated to point to /usr/bin/cpp
update-alternatives 2016-12-21 04:12:02: run with --quiet --install /usr/bin/cc cc /usr/bin/gcc 20 --slave /usr/share/man/man1/cc.1.gz cc.1.gz /usr/share/man/man1/gcc.1.gz
update-alternatives 2016-12-21 04:12:02: link group cc updated to point to /usr/bin/gcc
update-alternatives 2016-12-21 04:12:02: run with --quiet --install /usr/bin/c89 c89 /usr/bin/c89-gcc 20 --slave /usr/share/man/man1/c89.1.gz c89.1.gz /usr/share/man/man1/c89-gcc.1.gz
update-alternatives 2016-12-21 04:12:02: link group c89 updated to point to /usr/bin/c89-gcc
update-alternatives 2016-12-21 04:12:02: run with --quiet --install /usr/bin/c99 c99 /usr/bin/c99-gcc 20 --slave /usr/share/man/man1/c99.1.gz c99.1.gz /usr/share/man/man1/c99-gcc.1.gz
update-alternatives 2016-12-21 04:12:02: link group c99 updated to point to /usr/bin/c99-gcc
update-alternatives 2016-12-21 04:12:06: run with --install /usr/bin/php php /usr/bin/php5 50 --slave /usr/share/man/man1/php.1.gz php.1.gz /usr/share/man/man1/php5.1.gz
update-alternatives 2016-12-21 04:12:06: link group php updated to point to /usr/bin/php5
update-alternatives 2016-12-21 04:13:41: run with --install /usr/lib/libblas.so.3 libblas.so.3 /usr/lib/libblas/libblas.so.3 10 --slave /usr/lib/libblas.so.3gf libblas.so.3gf /usr/lib/libblas/libblas.so.3
update-alternatives 2016-12-21 04:13:41: link group libblas.so.3 updated to point to /usr/lib/libblas/libblas.so.3
update-alternatives 2016-12-21 04:13:41: run with --install /usr/lib/liblapack.so.3 liblapack.so.3 /usr/lib/lapack/liblapack.so.3 10 --slave /usr/lib/liblapack.so.3gf liblapack.so.3gf /usr/lib/lapack/liblapack.so.3
update-alternatives 2016-12-21 04:13:41: link group liblapack.so.3 updated to point to /usr/lib/lapack/liblapack.so.3
update-alternatives 2016-12-21 04:13:54: run with --install /usr/bin/automake automake /usr/bin/automake-1.14 32 --slave /usr/bin/aclocal aclocal /usr/bin/aclocal-1.14 --slave /usr/share/man/man1/automake.1.gz automake.1.gz /usr/share/man/man1/automake-1.14.1.gz --slave /usr/share/man/man1/aclocal.1.gz aclocal.1.gz /usr/share/man/man1/aclocal-1.14.1.gz
update-alternatives 2016-12-21 04:13:54: link group automake updated to point to /usr/bin/automake-1.14
update-alternatives 2016-12-21 04:13:57: run with --install /usr/bin/php-config php-config /usr/bin/php-config5 50 --slave /usr/share/man/man1/php-config.1.gz php-config.1.gz /usr/share/man/man1/php-config5.1.gz
update-alternatives 2016-12-21 04:13:57: link group php-config updated to point to /usr/bin/php-config5
update-alternatives 2016-12-21 04:13:57: run with --install /usr/bin/phpize phpize /usr/bin/phpize5 50 --slave /usr/share/man/man1/phpize.1.gz phpize.1.gz /usr/share/man/man1/phpize5.1.gz
update-alternatives 2016-12-21 04:13:57: link group phpize updated to point to /usr/bin/phpize5
update-alternatives 2016-12-21 04:14:49: run with --install /usr/bin/readline-editor readline-editor /usr/bin/rlwrap 60 --slave /usr/share/man/man1/readline-editor.1.gz readline-editor.1.gz /usr/share/man/man1/rlwrap.1.gz
update-alternatives 2016-12-21 04:14:49: link group readline-editor updated to point to /usr/bin/rlwrap
update-alternatives 2016-12-21 04:14:49: run with --quiet --install /usr/bin/node node /usr/bin/nodejs 50 --slave /usr/share/man/man1/node.1.gz node.1.gz /usr/share/man/man1/nodejs.1.gz
update-alternatives 2016-12-21 04:14:49: link group node updated to point to /usr/bin/nodejs
