gpgv: Signature made Thu May  8 14:20:33 2014 UTC using DSA key ID 437D05B5
gpgv: Good signature from "Ubuntu Archive Automatic Signing Key <ftpmaster@ubuntu.com>"
gpgv: Signature made Thu May  8 14:20:33 2014 UTC using RSA key ID C0B21F32
gpgv: Good signature from "Ubuntu Archive Automatic Signing Key (2012) <ftpmaster@ubuntu.com>"
gpgv: Signature made Thu May  8 14:20:33 2014 UTC using DSA key ID 437D05B5
gpgv: Good signature from "Ubuntu Archive Automatic Signing Key <ftpmaster@ubuntu.com>"
gpgv: Signature made Thu May  8 14:20:33 2014 UTC using RSA key ID C0B21F32
gpgv: Good signature from "Ubuntu Archive Automatic Signing Key (2012) <ftpmaster@ubuntu.com>"
dpkg: warning: parsing file '/var/lib/dpkg/status' near line 4 package 'dpkg':
 missing description
dpkg: warning: parsing file '/var/lib/dpkg/status' near line 4 package 'dpkg':
 missing maintainer
dpkg: warning: parsing file '/var/lib/dpkg/status' near line 4 package 'dpkg':
 missing architecture
Selecting previously unselected package base-passwd.
(Reading database ... 0 files and directories currently installed.)
Preparing to unpack .../base-passwd_3.5.33_amd64.deb ...
Unpacking base-passwd (3.5.33) ...
dpkg: base-passwd: dependency problems, but configuring anyway as you requested:
 base-passwd depends on libc6 (>= 2.8); however:
  Package libc6 is not installed.
 base-passwd depends on libdebconfclient0 (>= 0.145); however:
  Package libdebconfclient0 is not installed.

Setting up base-passwd (3.5.33) ...
Use of uninitialized value in concatenation (.) or string at /usr/share/perl5/Debconf/Config.pm line 22.
dpkg: warning: parsing file '/var/lib/dpkg/status' near line 23 package 'dpkg':
 missing description
dpkg: warning: parsing file '/var/lib/dpkg/status' near line 23 package 'dpkg':
 missing maintainer
dpkg: warning: parsing file '/var/lib/dpkg/status' near line 23 package 'dpkg':
 missing architecture
Selecting previously unselected package base-files.
dpkg: regarding .../base-files_7.2ubuntu5_amd64.deb containing base-files, pre-dependency problem:
 base-files pre-depends on awk
  awk is not installed.

dpkg: warning: ignoring pre-dependency problem!
(Reading database ... 41 files and directories currently installed.)
Preparing to unpack .../base-files_7.2ubuntu5_amd64.deb ...
Unpacking base-files (7.2ubuntu5) ...
dpkg: base-files: dependency problems, but configuring anyway as you requested:
 base-files depends on awk; however:
  Package awk is not installed.

Setting up base-files (7.2ubuntu5) ...
dpkg: warning: parsing file '/var/lib/dpkg/status' near line 56 package 'dpkg':
 missing description
dpkg: warning: parsing file '/var/lib/dpkg/status' near line 56 package 'dpkg':
 missing maintainer
dpkg: warning: parsing file '/var/lib/dpkg/status' near line 56 package 'dpkg':
 missing architecture
dpkg: regarding .../dpkg_1.17.5ubuntu5_amd64.deb containing dpkg, pre-dependency problem:
 dpkg pre-depends on libbz2-1.0
  libbz2-1.0 is not installed.

dpkg: warning: ignoring pre-dependency problem!
dpkg: regarding .../dpkg_1.17.5ubuntu5_amd64.deb containing dpkg, pre-dependency problem:
 dpkg pre-depends on libc6 (>= 2.14)

dpkg: warning: ignoring pre-dependency problem!
dpkg: regarding .../dpkg_1.17.5ubuntu5_amd64.deb containing dpkg, pre-dependency problem:
 dpkg pre-depends on liblzma5 (>= 5.1.1alpha+20120614)

dpkg: warning: ignoring pre-dependency problem!
dpkg: regarding .../dpkg_1.17.5ubuntu5_amd64.deb containing dpkg, pre-dependency problem:
 dpkg pre-depends on libselinux1 (>= 2.1.0)

dpkg: warning: ignoring pre-dependency problem!
dpkg: regarding .../dpkg_1.17.5ubuntu5_amd64.deb containing dpkg, pre-dependency problem:
 dpkg pre-depends on zlib1g (>= 1:1.1.4)

dpkg: warning: ignoring pre-dependency problem!
dpkg: regarding .../dpkg_1.17.5ubuntu5_amd64.deb containing dpkg, pre-dependency problem:
 dpkg pre-depends on tar (>= 1.23)

dpkg: warning: ignoring pre-dependency problem!
(Reading database ... 123 files and directories currently installed.)
Preparing to unpack .../dpkg_1.17.5ubuntu5_amd64.deb ...
Unpacking dpkg (1.17.5ubuntu5) over (1.17.5ubuntu5) ...
dpkg: dpkg: dependency problems, but configuring anyway as you requested:
 dpkg depends on libbz2-1.0; however:
  Package libbz2-1.0 is not installed.
 dpkg depends on libc6 (>= 2.14); however:
  Package libc6 is not installed.
 dpkg depends on liblzma5 (>= 5.1.1alpha+20120614); however:
  Package liblzma5 is not installed.
 dpkg depends on libselinux1 (>= 2.1.0); however:
  Package libselinux1 is not installed.
 dpkg depends on zlib1g (>= 1:1.1.4); however:
  Package zlib1g is not installed.
 dpkg depends on tar (>= 1.23); however:
  Package tar is not installed.

Setting up dpkg (1.17.5ubuntu5) ...
Selecting previously unselected package libc6:amd64.
(Reading database ... 376 files and directories currently installed.)
Preparing to unpack .../libc6_2.19-0ubuntu6_amd64.deb ...
Unpacking libc6:amd64 (2.19-0ubuntu6) ...
dpkg: libc6:amd64: dependency problems, but configuring anyway as you requested:
 libc6:amd64 depends on libgcc1; however:
  Package libgcc1 is not installed.

Setting up libc6:amd64 (2.19-0ubuntu6) ...
Selecting previously unselected package perl-base.
(Reading database ... 692 files and directories currently installed.)
Preparing to unpack .../perl-base_5.18.2-2ubuntu1_amd64.deb ...
Unpacking perl-base (5.18.2-2ubuntu1) ...
Setting up perl-base (5.18.2-2ubuntu1) ...
Selecting previously unselected package mawk.
(Reading database ... 1764 files and directories currently installed.)
Preparing to unpack .../mawk_1.3.3-17ubuntu2_amd64.deb ...
Unpacking mawk (1.3.3-17ubuntu2) ...
Setting up mawk (1.3.3-17ubuntu2) ...
Selecting previously unselected package adduser.
(Reading database ... 1782 files and directories currently installed.)
Preparing to unpack .../adduser_3.113+nmu3ubuntu3_all.deb ...
Unpacking adduser (3.113+nmu3ubuntu3) ...
Preparing to unpack .../base-files_7.2ubuntu5_amd64.deb ...
Unpacking base-files (7.2ubuntu5) over (7.2ubuntu5) ...
Preparing to unpack .../base-passwd_3.5.33_amd64.deb ...
Unpacking base-passwd (3.5.33) over (3.5.33) ...
Selecting previously unselected package bash.
dpkg: regarding .../bash_4.3-6ubuntu1_amd64.deb containing bash, pre-dependency problem:
 bash pre-depends on dash (>= 0.5.5.1-2.2)

dpkg: warning: ignoring pre-dependency problem!
dpkg: regarding .../bash_4.3-6ubuntu1_amd64.deb containing bash, pre-dependency problem:
 bash pre-depends on libtinfo5
  libtinfo5 is not installed.

dpkg: warning: ignoring pre-dependency problem!
Preparing to unpack .../bash_4.3-6ubuntu1_amd64.deb ...
Unpacking bash (4.3-6ubuntu1) ...
Selecting previously unselected package bsdutils.
Preparing to unpack .../bsdutils_1%3a2.20.1-5.1ubuntu20_amd64.deb ...
Unpacking bsdutils (1:2.20.1-5.1ubuntu20) ...
Selecting previously unselected package busybox-initramfs.
Preparing to unpack .../busybox-initramfs_1%3a1.21.0-1ubuntu1_amd64.deb ...
Unpacking busybox-initramfs (1:1.21.0-1ubuntu1) ...
Selecting previously unselected package coreutils.
dpkg: regarding .../coreutils_8.21-1ubuntu5_amd64.deb containing coreutils, pre-dependency problem:
 coreutils pre-depends on libacl1 (>= 2.2.51-8)

dpkg: warning: ignoring pre-dependency problem!
dpkg: regarding .../coreutils_8.21-1ubuntu5_amd64.deb containing coreutils, pre-dependency problem:
 coreutils pre-depends on libattr1 (>= 1:2.4.46-8)

dpkg: warning: ignoring pre-dependency problem!
dpkg: regarding .../coreutils_8.21-1ubuntu5_amd64.deb containing coreutils, pre-dependency problem:
 coreutils pre-depends on libselinux1 (>= 1.32)

dpkg: warning: ignoring pre-dependency problem!
Preparing to unpack .../coreutils_8.21-1ubuntu5_amd64.deb ...
Unpacking coreutils (8.21-1ubuntu5) ...
Selecting previously unselected package cpio.
Preparing to unpack .../cpio_2.11+dfsg-1ubuntu1_amd64.deb ...
Unpacking cpio (2.11+dfsg-1ubuntu1) ...
Selecting previously unselected package dash.
Preparing to unpack .../dash_0.5.7-4ubuntu1_amd64.deb ...
Adding 'diversion of /bin/sh to /bin/sh.distrib by dash'
Adding 'diversion of /usr/share/man/man1/sh.1.gz to /usr/share/man/man1/sh.distrib.1.gz by dash'
Unpacking dash (0.5.7-4ubuntu1) ...
Selecting previously unselected package debconf.
Preparing to unpack .../debconf_1.5.51ubuntu2_all.deb ...
Unpacking debconf (1.5.51ubuntu2) ...
Selecting previously unselected package debianutils.
Preparing to unpack .../debianutils_4.4_amd64.deb ...
Unpacking debianutils (4.4) ...
Selecting previously unselected package diffutils.
Preparing to unpack .../diffutils_1%3a3.3-1_amd64.deb ...
Unpacking diffutils (1:3.3-1) ...
dpkg: regarding .../dpkg_1.17.5ubuntu5_amd64.deb containing dpkg, pre-dependency problem:
 dpkg pre-depends on libbz2-1.0
  libbz2-1.0 is not installed.

dpkg: warning: ignoring pre-dependency problem!
dpkg: regarding .../dpkg_1.17.5ubuntu5_amd64.deb containing dpkg, pre-dependency problem:
 dpkg pre-depends on liblzma5 (>= 5.1.1alpha+20120614)

dpkg: warning: ignoring pre-dependency problem!
dpkg: regarding .../dpkg_1.17.5ubuntu5_amd64.deb containing dpkg, pre-dependency problem:
 dpkg pre-depends on libselinux1 (>= 2.1.0)

dpkg: warning: ignoring pre-dependency problem!
dpkg: regarding .../dpkg_1.17.5ubuntu5_amd64.deb containing dpkg, pre-dependency problem:
 dpkg pre-depends on zlib1g (>= 1:1.1.4)

dpkg: warning: ignoring pre-dependency problem!
dpkg: regarding .../dpkg_1.17.5ubuntu5_amd64.deb containing dpkg, pre-dependency problem:
 dpkg pre-depends on tar (>= 1.23)

dpkg: warning: ignoring pre-dependency problem!
Preparing to unpack .../dpkg_1.17.5ubuntu5_amd64.deb ...
Unpacking dpkg (1.17.5ubuntu5) over (1.17.5ubuntu5) ...
Selecting previously unselected package e2fslibs:amd64.
dpkg: regarding .../e2fslibs_1.42.9-3ubuntu1_amd64.deb containing e2fslibs:amd64, pre-dependency problem:
 e2fslibs pre-depends on multiarch-support
  multiarch-support is not installed.

dpkg: warning: ignoring pre-dependency problem!
Preparing to unpack .../e2fslibs_1.42.9-3ubuntu1_amd64.deb ...
Unpacking e2fslibs:amd64 (1.42.9-3ubuntu1) ...
Selecting previously unselected package e2fsprogs.
dpkg: regarding .../e2fsprogs_1.42.9-3ubuntu1_amd64.deb containing e2fsprogs, pre-dependency problem:
 e2fsprogs pre-depends on e2fslibs (= 1.42.9-3ubuntu1)
  e2fslibs:amd64 is unpacked, but has never been configured.

dpkg: warning: ignoring pre-dependency problem!
dpkg: regarding .../e2fsprogs_1.42.9-3ubuntu1_amd64.deb containing e2fsprogs, pre-dependency problem:
 e2fsprogs pre-depends on libblkid1 (>= 2.17.2)

dpkg: warning: ignoring pre-dependency problem!
dpkg: regarding .../e2fsprogs_1.42.9-3ubuntu1_amd64.deb containing e2fsprogs, pre-dependency problem:
 e2fsprogs pre-depends on libcomerr2 (>= 1.42~WIP-2011-10-05-1)

dpkg: warning: ignoring pre-dependency problem!
dpkg: regarding .../e2fsprogs_1.42.9-3ubuntu1_amd64.deb containing e2fsprogs, pre-dependency problem:
 e2fsprogs pre-depends on libss2 (>= 1.34-1)

dpkg: warning: ignoring pre-dependency problem!
dpkg: regarding .../e2fsprogs_1.42.9-3ubuntu1_amd64.deb containing e2fsprogs, pre-dependency problem:
 e2fsprogs pre-depends on libuuid1 (>= 2.16)

dpkg: warning: ignoring pre-dependency problem!
dpkg: regarding .../e2fsprogs_1.42.9-3ubuntu1_amd64.deb containing e2fsprogs, pre-dependency problem:
 e2fsprogs pre-depends on util-linux (>= 2.15~rc1-1)

dpkg: warning: ignoring pre-dependency problem!
Preparing to unpack .../e2fsprogs_1.42.9-3ubuntu1_amd64.deb ...
Unpacking e2fsprogs (1.42.9-3ubuntu1) ...
Selecting previously unselected package findutils.
Preparing to unpack .../findutils_4.4.2-7_amd64.deb ...
Unpacking findutils (4.4.2-7) ...
Selecting previously unselected package gcc-4.9-base:amd64.
Preparing to unpack .../gcc-4.9-base_4.9-20140406-0ubuntu1_amd64.deb ...
Unpacking gcc-4.9-base:amd64 (4.9-20140406-0ubuntu1) ...
Selecting previously unselected package grep.
dpkg: regarding .../archives/grep_2.16-1_amd64.deb containing grep, pre-dependency problem:
 grep pre-depends on libpcre3
  libpcre3 is not installed.

dpkg: warning: ignoring pre-dependency problem!
Preparing to unpack .../archives/grep_2.16-1_amd64.deb ...
Unpacking grep (2.16-1) ...
Selecting previously unselected package gzip.
Preparing to unpack .../gzip_1.6-3ubuntu1_amd64.deb ...
Unpacking gzip (1.6-3ubuntu1) ...
Selecting previously unselected package hostname.
Preparing to unpack .../hostname_3.15ubuntu1_amd64.deb ...
Unpacking hostname (3.15ubuntu1) ...
Selecting previously unselected package ifupdown.
Preparing to unpack .../ifupdown_0.7.47.2ubuntu4_amd64.deb ...
Unpacking ifupdown (0.7.47.2ubuntu4) ...
Selecting previously unselected package initramfs-tools.
Preparing to unpack .../initramfs-tools_0.103ubuntu4_all.deb ...
Unpacking initramfs-tools (0.103ubuntu4) ...
Selecting previously unselected package initramfs-tools-bin.
Preparing to unpack .../initramfs-tools-bin_0.103ubuntu4_amd64.deb ...
Unpacking initramfs-tools-bin (0.103ubuntu4) ...
Selecting previously unselected package initscripts.
Preparing to unpack .../initscripts_2.88dsf-41ubuntu6_amd64.deb ...
Unpacking initscripts (2.88dsf-41ubuntu6) ...
Selecting previously unselected package insserv.
Preparing to unpack .../insserv_1.14.0-5ubuntu2_amd64.deb ...
Unpacking insserv (1.14.0-5ubuntu2) ...
Selecting previously unselected package iproute2.
Preparing to unpack .../iproute2_3.12.0-2_amd64.deb ...
Unpacking iproute2 (3.12.0-2) ...
Selecting previously unselected package klibc-utils.
Preparing to unpack .../klibc-utils_2.0.3-0ubuntu1_amd64.deb ...
Unpacking klibc-utils (2.0.3-0ubuntu1) ...
Selecting previously unselected package kmod.
Preparing to unpack .../kmod_15-0ubuntu6_amd64.deb ...
Unpacking kmod (15-0ubuntu6) ...
Selecting previously unselected package libacl1:amd64.
dpkg: regarding .../libacl1_2.2.52-1_amd64.deb containing libacl1:amd64, pre-dependency problem:
 libacl1 pre-depends on multiarch-support
  multiarch-support is not installed.

dpkg: warning: ignoring pre-dependency problem!
Preparing to unpack .../libacl1_2.2.52-1_amd64.deb ...
Unpacking libacl1:amd64 (2.2.52-1) ...
Selecting previously unselected package libattr1:amd64.
dpkg: regarding .../libattr1_1%3a2.4.47-1ubuntu1_amd64.deb containing libattr1:amd64, pre-dependency problem:
 libattr1 pre-depends on multiarch-support
  multiarch-support is not installed.

dpkg: warning: ignoring pre-dependency problem!
Preparing to unpack .../libattr1_1%3a2.4.47-1ubuntu1_amd64.deb ...
Unpacking libattr1:amd64 (1:2.4.47-1ubuntu1) ...
Selecting previously unselected package libaudit-common.
Preparing to unpack .../libaudit-common_1%3a2.3.2-2ubuntu1_all.deb ...
Unpacking libaudit-common (1:2.3.2-2ubuntu1) ...
Selecting previously unselected package libaudit1:amd64.
dpkg: regarding .../libaudit1_1%3a2.3.2-2ubuntu1_amd64.deb containing libaudit1:amd64, pre-dependency problem:
 libaudit1 pre-depends on multiarch-support
  multiarch-support is not installed.

dpkg: warning: ignoring pre-dependency problem!
Preparing to unpack .../libaudit1_1%3a2.3.2-2ubuntu1_amd64.deb ...
Unpacking libaudit1:amd64 (1:2.3.2-2ubuntu1) ...
Selecting previously unselected package libblkid1:amd64.
dpkg: regarding .../libblkid1_2.20.1-5.1ubuntu20_amd64.deb containing libblkid1:amd64, pre-dependency problem:
 libblkid1 pre-depends on multiarch-support
  multiarch-support is not installed.

dpkg: warning: ignoring pre-dependency problem!
Preparing to unpack .../libblkid1_2.20.1-5.1ubuntu20_amd64.deb ...
Unpacking libblkid1:amd64 (2.20.1-5.1ubuntu20) ...
Selecting previously unselected package libbz2-1.0:amd64.
dpkg: regarding .../libbz2-1.0_1.0.6-5_amd64.deb containing libbz2-1.0:amd64, pre-dependency problem:
 libbz2-1.0 pre-depends on multiarch-support
  multiarch-support is not installed.

dpkg: warning: ignoring pre-dependency problem!
Preparing to unpack .../libbz2-1.0_1.0.6-5_amd64.deb ...
Unpacking libbz2-1.0:amd64 (1.0.6-5) ...
Selecting previously unselected package libc-bin.
Preparing to unpack .../libc-bin_2.19-0ubuntu6_amd64.deb ...
Unpacking libc-bin (2.19-0ubuntu6) ...
Preparing to unpack .../libc6_2.19-0ubuntu6_amd64.deb ...
Unpacking libc6:amd64 (2.19-0ubuntu6) over (2.19-0ubuntu6) ...
Selecting previously unselected package libcap2:amd64.
dpkg: regarding .../libcap2_1%3a2.24-0ubuntu2_amd64.deb containing libcap2:amd64, pre-dependency problem:
 libcap2 pre-depends on multiarch-support
  multiarch-support is not installed.

dpkg: warning: ignoring pre-dependency problem!
Preparing to unpack .../libcap2_1%3a2.24-0ubuntu2_amd64.deb ...
Unpacking libcap2:amd64 (1:2.24-0ubuntu2) ...
Selecting previously unselected package libcgmanager0:amd64.
Preparing to unpack .../libcgmanager0_0.24-0ubuntu5_amd64.deb ...
Unpacking libcgmanager0:amd64 (0.24-0ubuntu5) ...
Selecting previously unselected package libcomerr2:amd64.
dpkg: regarding .../libcomerr2_1.42.9-3ubuntu1_amd64.deb containing libcomerr2:amd64, pre-dependency problem:
 libcomerr2 pre-depends on multiarch-support
  multiarch-support is not installed.

dpkg: warning: ignoring pre-dependency problem!
Preparing to unpack .../libcomerr2_1.42.9-3ubuntu1_amd64.deb ...
Unpacking libcomerr2:amd64 (1.42.9-3ubuntu1) ...
Selecting previously unselected package libdb5.3:amd64.
dpkg: regarding .../libdb5.3_5.3.28-3ubuntu3_amd64.deb containing libdb5.3:amd64, pre-dependency problem:
 libdb5.3 pre-depends on multiarch-support
  multiarch-support is not installed.

dpkg: warning: ignoring pre-dependency problem!
Preparing to unpack .../libdb5.3_5.3.28-3ubuntu3_amd64.deb ...
Unpacking libdb5.3:amd64 (5.3.28-3ubuntu3) ...
Selecting previously unselected package libdbus-1-3:amd64.
dpkg: regarding .../libdbus-1-3_1.6.18-0ubuntu4_amd64.deb containing libdbus-1-3:amd64, pre-dependency problem:
 libdbus-1-3 pre-depends on multiarch-support
  multiarch-support is not installed.

dpkg: warning: ignoring pre-dependency problem!
Preparing to unpack .../libdbus-1-3_1.6.18-0ubuntu4_amd64.deb ...
Unpacking libdbus-1-3:amd64 (1.6.18-0ubuntu4) ...
Selecting previously unselected package libdebconfclient0:amd64.
dpkg: regarding .../libdebconfclient0_0.187ubuntu1_amd64.deb containing libdebconfclient0:amd64, pre-dependency problem:
 libdebconfclient0 pre-depends on multiarch-support
  multiarch-support is not installed.

dpkg: warning: ignoring pre-dependency problem!
Preparing to unpack .../libdebconfclient0_0.187ubuntu1_amd64.deb ...
Unpacking libdebconfclient0:amd64 (0.187ubuntu1) ...
Selecting previously unselected package libdrm2:amd64.
dpkg: regarding .../libdrm2_2.4.52-1_amd64.deb containing libdrm2:amd64, pre-dependency problem:
 libdrm2 pre-depends on multiarch-support
  multiarch-support is not installed.

dpkg: warning: ignoring pre-dependency problem!
Preparing to unpack .../libdrm2_2.4.52-1_amd64.deb ...
Unpacking libdrm2:amd64 (2.4.52-1) ...
Selecting previously unselected package libgcc1:amd64.
dpkg: regarding .../libgcc1_1%3a4.9-20140406-0ubuntu1_amd64.deb containing libgcc1:amd64, pre-dependency problem:
 libgcc1 pre-depends on multiarch-support
  multiarch-support is not installed.

dpkg: warning: ignoring pre-dependency problem!
Preparing to unpack .../libgcc1_1%3a4.9-20140406-0ubuntu1_amd64.deb ...
Unpacking libgcc1:amd64 (1:4.9-20140406-0ubuntu1) ...
Selecting previously unselected package libjson-c2:amd64.
dpkg: regarding .../libjson-c2_0.11-3ubuntu1_amd64.deb containing libjson-c2:amd64, pre-dependency problem:
 libjson-c2 pre-depends on multiarch-support
  multiarch-support is not installed.

dpkg: warning: ignoring pre-dependency problem!
Preparing to unpack .../libjson-c2_0.11-3ubuntu1_amd64.deb ...
Unpacking libjson-c2:amd64 (0.11-3ubuntu1) ...
Selecting previously unselected package libjson0:amd64.
Preparing to unpack .../libjson0_0.11-3ubuntu1_amd64.deb ...
Unpacking libjson0:amd64 (0.11-3ubuntu1) ...
Selecting previously unselected package libklibc.
Preparing to unpack .../libklibc_2.0.3-0ubuntu1_amd64.deb ...
Unpacking libklibc (2.0.3-0ubuntu1) ...
Selecting previously unselected package libkmod2:amd64.
dpkg: regarding .../libkmod2_15-0ubuntu6_amd64.deb containing libkmod2:amd64, pre-dependency problem:
 libkmod2 pre-depends on multiarch-support
  multiarch-support is not installed.

dpkg: warning: ignoring pre-dependency problem!
Preparing to unpack .../libkmod2_15-0ubuntu6_amd64.deb ...
Unpacking libkmod2:amd64 (15-0ubuntu6) ...
Selecting previously unselected package liblzma5:amd64.
dpkg: regarding .../liblzma5_5.1.1alpha+20120614-2ubuntu2_amd64.deb containing liblzma5:amd64, pre-dependency problem:
 liblzma5 pre-depends on multiarch-support
  multiarch-support is not installed.

dpkg: warning: ignoring pre-dependency problem!
Preparing to unpack .../liblzma5_5.1.1alpha+20120614-2ubuntu2_amd64.deb ...
Unpacking liblzma5:amd64 (5.1.1alpha+20120614-2ubuntu2) ...
Selecting previously unselected package libmount1:amd64.
dpkg: regarding .../libmount1_2.20.1-5.1ubuntu20_amd64.deb containing libmount1:amd64, pre-dependency problem:
 libmount1 pre-depends on multiarch-support
  multiarch-support is not installed.

dpkg: warning: ignoring pre-dependency problem!
Preparing to unpack .../libmount1_2.20.1-5.1ubuntu20_amd64.deb ...
Unpacking libmount1:amd64 (2.20.1-5.1ubuntu20) ...
Selecting previously unselected package libncurses5:amd64.
dpkg: regarding .../libncurses5_5.9+20140118-1ubuntu1_amd64.deb containing libncurses5:amd64, pre-dependency problem:
 libncurses5 pre-depends on multiarch-support
  multiarch-support is not installed.

dpkg: warning: ignoring pre-dependency problem!
dpkg: regarding .../libncurses5_5.9+20140118-1ubuntu1_amd64.deb containing libncurses5:amd64, pre-dependency problem:
 libncurses5 pre-depends on libtinfo5 (>= 5.9-3)

dpkg: warning: ignoring pre-dependency problem!
Preparing to unpack .../libncurses5_5.9+20140118-1ubuntu1_amd64.deb ...
Unpacking libncurses5:amd64 (5.9+20140118-1ubuntu1) ...
Selecting previously unselected package libncursesw5:amd64.
dpkg: regarding .../libncursesw5_5.9+20140118-1ubuntu1_amd64.deb containing libncursesw5:amd64, pre-dependency problem:
 libncursesw5 pre-depends on multiarch-support
  multiarch-support is not installed.

dpkg: warning: ignoring pre-dependency problem!
Preparing to unpack .../libncursesw5_5.9+20140118-1ubuntu1_amd64.deb ...
Unpacking libncursesw5:amd64 (5.9+20140118-1ubuntu1) ...
Selecting previously unselected package libnih-dbus1:amd64.
dpkg: regarding .../libnih-dbus1_1.0.3-4ubuntu25_amd64.deb containing libnih-dbus1:amd64, pre-dependency problem:
 libnih-dbus1 pre-depends on multiarch-support
  multiarch-support is not installed.

dpkg: warning: ignoring pre-dependency problem!
Preparing to unpack .../libnih-dbus1_1.0.3-4ubuntu25_amd64.deb ...
Unpacking libnih-dbus1:amd64 (1.0.3-4ubuntu25) ...
Selecting previously unselected package libnih1:amd64.
dpkg: regarding .../libnih1_1.0.3-4ubuntu25_amd64.deb containing libnih1:amd64, pre-dependency problem:
 libnih1 pre-depends on multiarch-support
  multiarch-support is not installed.

dpkg: warning: ignoring pre-dependency problem!
Preparing to unpack .../libnih1_1.0.3-4ubuntu25_amd64.deb ...
Unpacking libnih1:amd64 (1.0.3-4ubuntu25) ...
Selecting previously unselected package libpam-modules:amd64.
dpkg: regarding .../libpam-modules_1.1.8-1ubuntu2_amd64.deb containing libpam-modules:amd64, pre-dependency problem:
 libpam-modules pre-depends on libaudit1 (>= 1:2.2.1)
  libaudit1:amd64 is unpacked, but has never been configured.

dpkg: warning: ignoring pre-dependency problem!
dpkg: regarding .../libpam-modules_1.1.8-1ubuntu2_amd64.deb containing libpam-modules:amd64, pre-dependency problem:
 libpam-modules pre-depends on libdb5.3
  libdb5.3:amd64 is unpacked, but has never been configured.

dpkg: warning: ignoring pre-dependency problem!
dpkg: regarding .../libpam-modules_1.1.8-1ubuntu2_amd64.deb containing libpam-modules:amd64, pre-dependency problem:
 libpam-modules pre-depends on libpam0g (>= 1.1.3-2)

dpkg: warning: ignoring pre-dependency problem!
dpkg: regarding .../libpam-modules_1.1.8-1ubuntu2_amd64.deb containing libpam-modules:amd64, pre-dependency problem:
 libpam-modules pre-depends on libselinux1 (>= 2.1.9)

dpkg: warning: ignoring pre-dependency problem!
dpkg: regarding .../libpam-modules_1.1.8-1ubuntu2_amd64.deb containing libpam-modules:amd64, pre-dependency problem:
 libpam-modules pre-depends on debconf (>= 0.5) | debconf-2.0
  debconf is unpacked, but has never been configured.
  debconf provides debconf-2.0 but is unpacked but not configured.

dpkg: warning: ignoring pre-dependency problem!
dpkg: regarding .../libpam-modules_1.1.8-1ubuntu2_amd64.deb containing libpam-modules:amd64, pre-dependency problem:
 libpam-modules pre-depends on libpam-modules-bin (= 1.1.8-1ubuntu2)

dpkg: warning: ignoring pre-dependency problem!
Preparing to unpack .../libpam-modules_1.1.8-1ubuntu2_amd64.deb ...
Unpacking libpam-modules:amd64 (1.1.8-1ubuntu2) ...
Selecting previously unselected package libpam-modules-bin.
Preparing to unpack .../libpam-modules-bin_1.1.8-1ubuntu2_amd64.deb ...
Unpacking libpam-modules-bin (1.1.8-1ubuntu2) ...
Selecting previously unselected package libpam-runtime.
Preparing to unpack .../libpam-runtime_1.1.8-1ubuntu2_all.deb ...
Unpacking libpam-runtime (1.1.8-1ubuntu2) ...
Selecting previously unselected package libpam0g:amd64.
dpkg: regarding .../libpam0g_1.1.8-1ubuntu2_amd64.deb containing libpam0g:amd64, pre-dependency problem:
 libpam0g pre-depends on multiarch-support
  multiarch-support is not installed.

dpkg: warning: ignoring pre-dependency problem!
Preparing to unpack .../libpam0g_1.1.8-1ubuntu2_amd64.deb ...
Unpacking libpam0g:amd64 (1.1.8-1ubuntu2) ...
Selecting previously unselected package libpcre3:amd64.
dpkg: regarding .../libpcre3_1%3a8.31-2ubuntu2_amd64.deb containing libpcre3:amd64, pre-dependency problem:
 libpcre3 pre-depends on multiarch-support
  multiarch-support is not installed.

dpkg: warning: ignoring pre-dependency problem!
Preparing to unpack .../libpcre3_1%3a8.31-2ubuntu2_amd64.deb ...
Unpacking libpcre3:amd64 (1:8.31-2ubuntu2) ...
Selecting previously unselected package libplymouth2:amd64.
dpkg: regarding .../libplymouth2_0.8.8-0ubuntu17_amd64.deb containing libplymouth2:amd64, pre-dependency problem:
 libplymouth2 pre-depends on multiarch-support
  multiarch-support is not installed.

dpkg: warning: ignoring pre-dependency problem!
Preparing to unpack .../libplymouth2_0.8.8-0ubuntu17_amd64.deb ...
Unpacking libplymouth2:amd64 (0.8.8-0ubuntu17) ...
Selecting previously unselected package libpng12-0:amd64.
dpkg: regarding .../libpng12-0_1.2.50-1ubuntu2_amd64.deb containing libpng12-0:amd64, pre-dependency problem:
 libpng12-0 pre-depends on multiarch-support
  multiarch-support is not installed.

dpkg: warning: ignoring pre-dependency problem!
Preparing to unpack .../libpng12-0_1.2.50-1ubuntu2_amd64.deb ...
Unpacking libpng12-0:amd64 (1.2.50-1ubuntu2) ...
Selecting previously unselected package libprocps3:amd64.
dpkg: regarding .../libprocps3_1%3a3.3.9-1ubuntu2_amd64.deb containing libprocps3:amd64, pre-dependency problem:
 libprocps3 pre-depends on multiarch-support
  multiarch-support is not installed.

dpkg: warning: ignoring pre-dependency problem!
Preparing to unpack .../libprocps3_1%3a3.3.9-1ubuntu2_amd64.deb ...
Unpacking libprocps3:amd64 (1:3.3.9-1ubuntu2) ...
Selecting previously unselected package libselinux1:amd64.
dpkg: regarding .../libselinux1_2.2.2-1_amd64.deb containing libselinux1:amd64, pre-dependency problem:
 libselinux1 pre-depends on multiarch-support
  multiarch-support is not installed.

dpkg: warning: ignoring pre-dependency problem!
Preparing to unpack .../libselinux1_2.2.2-1_amd64.deb ...
Unpacking libselinux1:amd64 (2.2.2-1) ...
Selecting previously unselected package libsemanage-common.
Preparing to unpack .../libsemanage-common_2.2-1_all.deb ...
Unpacking libsemanage-common (2.2-1) ...
Selecting previously unselected package libsemanage1:amd64.
dpkg: regarding .../libsemanage1_2.2-1_amd64.deb containing libsemanage1:amd64, pre-dependency problem:
 libsemanage1 pre-depends on multiarch-support
  multiarch-support is not installed.

dpkg: warning: ignoring pre-dependency problem!
Preparing to unpack .../libsemanage1_2.2-1_amd64.deb ...
Unpacking libsemanage1:amd64 (2.2-1) ...
Selecting previously unselected package libsepol1:amd64.
dpkg: regarding .../libsepol1_2.2-1_amd64.deb containing libsepol1:amd64, pre-dependency problem:
 libsepol1 pre-depends on multiarch-support
  multiarch-support is not installed.

dpkg: warning: ignoring pre-dependency problem!
Preparing to unpack .../libsepol1_2.2-1_amd64.deb ...
Unpacking libsepol1:amd64 (2.2-1) ...
Selecting previously unselected package libslang2:amd64.
dpkg: regarding .../libslang2_2.2.4-15ubuntu1_amd64.deb containing libslang2:amd64, pre-dependency problem:
 libslang2 pre-depends on multiarch-support
  multiarch-support is not installed.

dpkg: warning: ignoring pre-dependency problem!
Preparing to unpack .../libslang2_2.2.4-15ubuntu1_amd64.deb ...
Unpacking libslang2:amd64 (2.2.4-15ubuntu1) ...
Selecting previously unselected package libss2:amd64.
dpkg: regarding .../libss2_1.42.9-3ubuntu1_amd64.deb containing libss2:amd64, pre-dependency problem:
 libss2 pre-depends on multiarch-support
  multiarch-support is not installed.

dpkg: warning: ignoring pre-dependency problem!
Preparing to unpack .../libss2_1.42.9-3ubuntu1_amd64.deb ...
Unpacking libss2:amd64 (1.42.9-3ubuntu1) ...
Selecting previously unselected package libtinfo5:amd64.
dpkg: regarding .../libtinfo5_5.9+20140118-1ubuntu1_amd64.deb containing libtinfo5:amd64, pre-dependency problem:
 libtinfo5 pre-depends on multiarch-support
  multiarch-support is not installed.

dpkg: warning: ignoring pre-dependency problem!
Preparing to unpack .../libtinfo5_5.9+20140118-1ubuntu1_amd64.deb ...
Unpacking libtinfo5:amd64 (5.9+20140118-1ubuntu1) ...
Selecting previously unselected package libudev1:amd64.
dpkg: regarding .../libudev1_204-5ubuntu20_amd64.deb containing libudev1:amd64, pre-dependency problem:
 libudev1 pre-depends on multiarch-support
  multiarch-support is not installed.

dpkg: warning: ignoring pre-dependency problem!
Preparing to unpack .../libudev1_204-5ubuntu20_amd64.deb ...
Unpacking libudev1:amd64 (204-5ubuntu20) ...
Selecting previously unselected package libustr-1.0-1:amd64.
dpkg: regarding .../libustr-1.0-1_1.0.4-3ubuntu2_amd64.deb containing libustr-1.0-1:amd64, pre-dependency problem:
 libustr-1.0-1 pre-depends on multiarch-support
  multiarch-support is not installed.

dpkg: warning: ignoring pre-dependency problem!
Preparing to unpack .../libustr-1.0-1_1.0.4-3ubuntu2_amd64.deb ...
Unpacking libustr-1.0-1:amd64 (1.0.4-3ubuntu2) ...
Selecting previously unselected package libuuid1:amd64.
dpkg: regarding .../libuuid1_2.20.1-5.1ubuntu20_amd64.deb containing libuuid1:amd64, pre-dependency problem:
 libuuid1 pre-depends on multiarch-support
  multiarch-support is not installed.

dpkg: warning: ignoring pre-dependency problem!
Preparing to unpack .../libuuid1_2.20.1-5.1ubuntu20_amd64.deb ...
Unpacking libuuid1:amd64 (2.20.1-5.1ubuntu20) ...
Selecting previously unselected package locales.
Preparing to unpack .../locales_2.13+git20120306-12_all.deb ...
Unpacking locales (2.13+git20120306-12) ...
Selecting previously unselected package login.
dpkg: regarding .../login_1%3a4.1.5.1-1ubuntu9_amd64.deb containing login, pre-dependency problem:
 login pre-depends on libpam0g (>= 0.99.7.1)
  libpam0g:amd64 is unpacked, but has never been configured.

dpkg: warning: ignoring pre-dependency problem!
dpkg: regarding .../login_1%3a4.1.5.1-1ubuntu9_amd64.deb containing login, pre-dependency problem:
 login pre-depends on libpam-runtime
  libpam-runtime is unpacked, but has never been configured.

dpkg: warning: ignoring pre-dependency problem!
dpkg: regarding .../login_1%3a4.1.5.1-1ubuntu9_amd64.deb containing login, pre-dependency problem:
 login pre-depends on libpam-modules
  libpam-modules:amd64 is unpacked, but has never been configured.

dpkg: warning: ignoring pre-dependency problem!
Preparing to unpack .../login_1%3a4.1.5.1-1ubuntu9_amd64.deb ...
dpkg: error: --compare-versions takes three arguments: <version> <relation> <version>

Type dpkg --help for help about installing and deinstalling packages [*];
Use 'apt' or 'aptitude' for user-friendly package management;
Type dpkg -Dhelp for a list of dpkg debug flag values;
Type dpkg --force-help for a list of forcing options;
Type dpkg-deb --help for help about manipulating *.deb files;

Options marked [*] produce a lot of output - pipe it through 'less' or 'more' !
Unpacking login (1:4.1.5.1-1ubuntu9) ...
Selecting previously unselected package lsb-base.
Preparing to unpack .../lsb-base_4.1+Debian11ubuntu6_all.deb ...
Unpacking lsb-base (4.1+Debian11ubuntu6) ...
Selecting previously unselected package makedev.
Preparing to unpack .../makedev_2.3.1-93ubuntu1_all.deb ...
Unpacking makedev (2.3.1-93ubuntu1) ...
Preparing to unpack .../mawk_1.3.3-17ubuntu2_amd64.deb ...
Unpacking mawk (1.3.3-17ubuntu2) over (1.3.3-17ubuntu2) ...
Selecting previously unselected package module-init-tools.
Preparing to unpack .../module-init-tools_15-0ubuntu6_all.deb ...
Unpacking module-init-tools (15-0ubuntu6) ...
Selecting previously unselected package mount.
dpkg: regarding .../mount_2.20.1-5.1ubuntu20_amd64.deb containing mount, pre-dependency problem:
 mount pre-depends on libblkid1 (>= 2.20.1)
  libblkid1:amd64 is unpacked, but has never been configured.

dpkg: warning: ignoring pre-dependency problem!
dpkg: regarding .../mount_2.20.1-5.1ubuntu20_amd64.deb containing mount, pre-dependency problem:
 mount pre-depends on libmount1 (>= 2.20.1)
  libmount1:amd64 is unpacked, but has never been configured.

dpkg: warning: ignoring pre-dependency problem!
dpkg: regarding .../mount_2.20.1-5.1ubuntu20_amd64.deb containing mount, pre-dependency problem:
 mount pre-depends on libselinux1 (>= 2.0.15)
  libselinux1:amd64 is unpacked, but has never been configured.

dpkg: warning: ignoring pre-dependency problem!
Preparing to unpack .../mount_2.20.1-5.1ubuntu20_amd64.deb ...
Unpacking mount (2.20.1-5.1ubuntu20) ...
Selecting previously unselected package mountall.
Preparing to unpack .../mountall_2.53_amd64.deb ...
Unpacking mountall (2.53) ...
Selecting previously unselected package multiarch-support.
Preparing to unpack .../multiarch-support_2.19-0ubuntu6_amd64.deb ...
Unpacking multiarch-support (2.19-0ubuntu6) ...
Selecting previously unselected package ncurses-base.
Preparing to unpack .../ncurses-base_5.9+20140118-1ubuntu1_all.deb ...
Unpacking ncurses-base (5.9+20140118-1ubuntu1) ...
Selecting previously unselected package ncurses-bin.
dpkg: regarding .../ncurses-bin_5.9+20140118-1ubuntu1_amd64.deb containing ncurses-bin, pre-dependency problem:
 ncurses-bin pre-depends on libtinfo5 (>= 5.9+20130119)
  libtinfo5:amd64 is unpacked, but has never been configured.

dpkg: warning: ignoring pre-dependency problem!
Preparing to unpack .../ncurses-bin_5.9+20140118-1ubuntu1_amd64.deb ...
Unpacking ncurses-bin (5.9+20140118-1ubuntu1) ...
Selecting previously unselected package passwd.
Preparing to unpack .../passwd_1%3a4.1.5.1-1ubuntu9_amd64.deb ...
Unpacking passwd (1:4.1.5.1-1ubuntu9) ...
Preparing to unpack .../perl-base_5.18.2-2ubuntu1_amd64.deb ...
Unpacking perl-base (5.18.2-2ubuntu1) over (5.18.2-2ubuntu1) ...
Selecting previously unselected package plymouth.
Preparing to unpack .../plymouth_0.8.8-0ubuntu17_amd64.deb ...
Unpacking plymouth (0.8.8-0ubuntu17) ...
Selecting previously unselected package procps.
Preparing to unpack .../procps_1%3a3.3.9-1ubuntu2_amd64.deb ...
Unpacking procps (1:3.3.9-1ubuntu2) ...
Selecting previously unselected package sed.
dpkg: regarding .../sed_4.2.2-4ubuntu1_amd64.deb containing sed, pre-dependency problem:
 sed pre-depends on libselinux1 (>= 1.32)
  libselinux1:amd64 is unpacked, but has never been configured.

dpkg: warning: ignoring pre-dependency problem!
Preparing to unpack .../sed_4.2.2-4ubuntu1_amd64.deb ...
Unpacking sed (4.2.2-4ubuntu1) ...
Selecting previously unselected package sensible-utils.
Preparing to unpack .../sensible-utils_0.0.9_all.deb ...
Unpacking sensible-utils (0.0.9) ...
Selecting previously unselected package sysv-rc.
Preparing to unpack .../sysv-rc_2.88dsf-41ubuntu6_all.deb ...
Unpacking sysv-rc (2.88dsf-41ubuntu6) ...
Selecting previously unselected package sysvinit-utils.
Preparing to unpack .../sysvinit-utils_2.88dsf-41ubuntu6_amd64.deb ...
Unpacking sysvinit-utils (2.88dsf-41ubuntu6) ...
Selecting previously unselected package tar.
dpkg: regarding .../tar_1.27.1-1_amd64.deb containing tar, pre-dependency problem:
 tar pre-depends on libacl1 (>= 2.2.51-8)
  libacl1:amd64 is unpacked, but has never been configured.

dpkg: warning: ignoring pre-dependency problem!
dpkg: regarding .../tar_1.27.1-1_amd64.deb containing tar, pre-dependency problem:
 tar pre-depends on libselinux1 (>= 1.32)
  libselinux1:amd64 is unpacked, but has never been configured.

dpkg: warning: ignoring pre-dependency problem!
Preparing to unpack .../tar_1.27.1-1_amd64.deb ...
Unpacking tar (1.27.1-1) ...
Selecting previously unselected package tzdata.
Preparing to unpack .../tzdata_2014b-1_all.deb ...
Unpacking tzdata (2014b-1) ...
Selecting previously unselected package udev.
Preparing to unpack .../udev_204-5ubuntu20_amd64.deb ...
Adding 'diversion of /bin/udevadm to /bin/udevadm.upgrade by fake-udev'
Unpacking udev (204-5ubuntu20) ...
Selecting previously unselected package upstart.
Preparing to unpack .../upstart_1.12.1-0ubuntu4_amd64.deb ...
Unpacking upstart (1.12.1-0ubuntu4) ...
Selecting previously unselected package util-linux.
dpkg: regarding .../util-linux_2.20.1-5.1ubuntu20_amd64.deb containing util-linux, pre-dependency problem:
 util-linux pre-depends on libblkid1 (>= 2.20.1)
  libblkid1:amd64 is unpacked, but has never been configured.

dpkg: warning: ignoring pre-dependency problem!
dpkg: regarding .../util-linux_2.20.1-5.1ubuntu20_amd64.deb containing util-linux, pre-dependency problem:
 util-linux pre-depends on libncurses5 (>= 5.5-5~)
  libncurses5:amd64 is unpacked, but has never been configured.

dpkg: warning: ignoring pre-dependency problem!
dpkg: regarding .../util-linux_2.20.1-5.1ubuntu20_amd64.deb containing util-linux, pre-dependency problem:
 util-linux pre-depends on libselinux1 (>= 1.32)
  libselinux1:amd64 is unpacked, but has never been configured.

dpkg: warning: ignoring pre-dependency problem!
dpkg: regarding .../util-linux_2.20.1-5.1ubuntu20_amd64.deb containing util-linux, pre-dependency problem:
 util-linux pre-depends on libslang2 (>= 2.2.4)
  libslang2:amd64 is unpacked, but has never been configured.

dpkg: warning: ignoring pre-dependency problem!
dpkg: regarding .../util-linux_2.20.1-5.1ubuntu20_amd64.deb containing util-linux, pre-dependency problem:
 util-linux pre-depends on libtinfo5
  libtinfo5:amd64 is unpacked, but has never been configured.

dpkg: warning: ignoring pre-dependency problem!
dpkg: regarding .../util-linux_2.20.1-5.1ubuntu20_amd64.deb containing util-linux, pre-dependency problem:
 util-linux pre-depends on libuuid1 (>= 2.16)
  libuuid1:amd64 is unpacked, but has never been configured.

dpkg: warning: ignoring pre-dependency problem!
dpkg: regarding .../util-linux_2.20.1-5.1ubuntu20_amd64.deb containing util-linux, pre-dependency problem:
 util-linux pre-depends on zlib1g (>= 1:1.1.4)

dpkg: warning: ignoring pre-dependency problem!
Preparing to unpack .../util-linux_2.20.1-5.1ubuntu20_amd64.deb ...
Unpacking util-linux (2.20.1-5.1ubuntu20) ...
Selecting previously unselected package zlib1g:amd64.
dpkg: regarding .../zlib1g_1%3a1.2.8.dfsg-1ubuntu1_amd64.deb containing zlib1g:amd64, pre-dependency problem:
 zlib1g pre-depends on multiarch-support
  multiarch-support is unpacked, but has never been configured.

dpkg: warning: ignoring pre-dependency problem!
Preparing to unpack .../zlib1g_1%3a1.2.8.dfsg-1ubuntu1_amd64.deb ...
Unpacking zlib1g:amd64 (1:1.2.8.dfsg-1ubuntu1) ...
Setting up lsb-base (4.1+Debian11ubuntu6) ...
Setting up ncurses-base (5.9+20140118-1ubuntu1) ...
Setting up sensible-utils (0.0.9) ...
Setting up libklibc (2.0.3-0ubuntu1) ...
Setting up gcc-4.9-base:amd64 (4.9-20140406-0ubuntu1) ...
Setting up klibc-utils (2.0.3-0ubuntu1) ...
Setting up libsemanage-common (2.2-1) ...
Setting up libaudit-common (1:2.3.2-2ubuntu1) ...
Setting up libc6:amd64 (2.19-0ubuntu6) ...
Setting up cpio (2.11+dfsg-1ubuntu1) ...
update-alternatives: using /bin/mt-gnu to provide /bin/mt (mt) in auto mode
Setting up debianutils (4.4) ...
Setting up bsdutils (1:2.20.1-5.1ubuntu20) ...
Setting up diffutils (1:3.3-1) ...
Setting up locales (2.13+git20120306-12) ...
Setting up mawk (1.3.3-17ubuntu2) ...
Setting up hostname (3.15ubuntu1) ...
Setting up findutils (4.4.2-7) ...
Setting up insserv (1.14.0-5ubuntu2) ...
Setting up busybox-initramfs (1:1.21.0-1ubuntu1) ...
Setting up multiarch-support (2.19-0ubuntu6) ...
Setting up libcap2:amd64 (1:2.24-0ubuntu2) ...
Setting up libustr-1.0-1:amd64 (1.0.4-3ubuntu2) ...
Setting up libdbus-1-3:amd64 (1.6.18-0ubuntu4) ...
Setting up libprocps3:amd64 (1:3.3.9-1ubuntu2) ...
Setting up libjson-c2:amd64 (0.11-3ubuntu1) ...
Setting up libdrm2:amd64 (2.4.52-1) ...
Setting up libsepol1:amd64 (2.2-1) ...
Setting up libkmod2:amd64 (15-0ubuntu6) ...
Setting up zlib1g:amd64 (1:1.2.8.dfsg-1ubuntu1) ...
Setting up libgcc1:amd64 (1:4.9-20140406-0ubuntu1) ...
Setting up libdebconfclient0:amd64 (0.187ubuntu1) ...
Setting up base-files (7.2ubuntu5) ...
Setting up libattr1:amd64 (1:2.4.47-1ubuntu1) ...
Setting up e2fslibs:amd64 (1.42.9-3ubuntu1) ...
Setting up base-passwd (3.5.33) ...
Setting up libcomerr2:amd64 (1.42.9-3ubuntu1) ...
Setting up libacl1:amd64 (2.2.52-1) ...
Setting up libslang2:amd64 (2.2.4-15ubuntu1) ...
Setting up libss2:amd64 (1.42.9-3ubuntu1) ...
Setting up liblzma5:amd64 (5.1.1alpha+20120614-2ubuntu2) ...
Setting up libnih1:amd64 (1.0.3-4ubuntu25) ...
Setting up libaudit1:amd64 (1:2.3.2-2ubuntu1) ...
Setting up libdb5.3:amd64 (5.3.28-3ubuntu3) ...
Setting up libpcre3:amd64 (1:8.31-2ubuntu2) ...
Setting up libbz2-1.0:amd64 (1.0.6-5) ...
Setting up libtinfo5:amd64 (5.9+20140118-1ubuntu1) ...
Setting up libc-bin (2.19-0ubuntu6) ...
Setting up libjson0:amd64 (0.11-3ubuntu1) ...
Setting up libnih-dbus1:amd64 (1.0.3-4ubuntu25) ...
Setting up libselinux1:amd64 (2.2.2-1) ...
Setting up libpng12-0:amd64 (1.2.50-1ubuntu2) ...
Setting up iproute2 (3.12.0-2) ...
Setting up coreutils (8.21-1ubuntu5) ...
Setting up makedev (2.3.1-93ubuntu1) ...
Setting up ncurses-bin (5.9+20140118-1ubuntu1) ...
Setting up libsemanage1:amd64 (2.2-1) ...
Setting up tar (1.27.1-1) ...
update-alternatives: using /usr/sbin/rmt-tar to provide /usr/sbin/rmt (rmt) in auto mode
Setting up libcgmanager0:amd64 (0.24-0ubuntu5) ...
Setting up libncurses5:amd64 (5.9+20140118-1ubuntu1) ...
Setting up libplymouth2:amd64 (0.8.8-0ubuntu17) ...
Setting up dpkg (1.17.5ubuntu5) ...
Setting up libncursesw5:amd64 (5.9+20140118-1ubuntu1) ...
Setting up sysvinit-utils (2.88dsf-41ubuntu6) ...
Setting up dash (0.5.7-4ubuntu1) ...
Setting up perl-base (5.18.2-2ubuntu1) ...
Setting up libudev1:amd64 (204-5ubuntu20) ...
Setting up mountall (2.53) ...
Setting up initramfs-tools-bin (0.103ubuntu4) ...
Setting up sed (4.2.2-4ubuntu1) ...
Setting up grep (2.16-1) ...
Setting up gzip (1.6-3ubuntu1) ...
Setting up bash (4.3-6ubuntu1) ...
update-alternatives: using /usr/share/man/man7/bash-builtins.7.gz to provide /usr/share/man/man7/builtins.7.gz (builtins.7.gz) in auto mode
Setting up debconf (1.5.51ubuntu2) ...
Setting up libpam0g:amd64 (1.1.8-1ubuntu2) ...
Setting up sysv-rc (2.88dsf-41ubuntu6) ...
Setting up tzdata (2014b-1) ...

Current default time zone: 'Etc/UTC'
Local time is now:      Wed Dec 14 01:10:30 UTC 2016.
Universal Time is now:  Wed Dec 14 01:10:30 UTC 2016.
Run 'dpkg-reconfigure tzdata' if you wish to change it.

Setting up kmod (15-0ubuntu6) ...
Setting up libpam-modules-bin (1.1.8-1ubuntu2) ...
Setting up module-init-tools (15-0ubuntu6) ...
Setting up libpam-modules:amd64 (1.1.8-1ubuntu2) ...
Setting up passwd (1:4.1.5.1-1ubuntu9) ...
Shadow passwords are now on.
Setting up libpam-runtime (1.1.8-1ubuntu2) ...
Setting up login (1:4.1.5.1-1ubuntu9) ...
Setting up libuuid1:amd64 (2.20.1-5.1ubuntu20) ...
Setting up adduser (3.113+nmu3ubuntu3) ...
Setting up libblkid1:amd64 (2.20.1-5.1ubuntu20) ...
Setting up util-linux (2.20.1-5.1ubuntu20) ...
update-alternatives: using /bin/more to provide /usr/bin/pager (pager) in auto mode
Setting up libmount1:amd64 (2.20.1-5.1ubuntu20) ...
Setting up mount (2.20.1-5.1ubuntu20) ...
Setting up initscripts (2.88dsf-41ubuntu6) ...
guest environment detected: Linking /dev/shm to /run/shm
Generating /run/motd.dynamic; this may take a moment...
initctl.REAL: Unable to connect to Upstart: Failed to connect to socket /com/ubuntu/upstart: Connection refused
invoke-rc.d: policy-rc.d denied execution of start.
Setting up e2fsprogs (1.42.9-3ubuntu1) ...
Setting up procps (1:3.3.9-1ubuntu2) ...
update-alternatives: using /usr/bin/w.procps to provide /usr/bin/w (w) in auto mode
initctl.REAL: Unable to connect to Upstart: Failed to connect to socket /com/ubuntu/upstart: Connection refused
invoke-rc.d: policy-rc.d denied execution of start.
Setting up ifupdown (0.7.47.2ubuntu4) ...
Creating /etc/network/interfaces.
Setting up upstart (1.12.1-0ubuntu4) ...
Setting up udev (204-5ubuntu20) ...
initctl.REAL: Unable to connect to Upstart: Failed to connect to socket /com/ubuntu/upstart: Connection refused
invoke-rc.d: policy-rc.d denied execution of restart.
Removing 'diversion of /bin/udevadm to /bin/udevadm.upgrade by fake-udev'
update-initramfs: deferring update (trigger activated)
Setting up initramfs-tools (0.103ubuntu4) ...
update-initramfs: deferring update (trigger activated)
Setting up plymouth (0.8.8-0ubuntu17) ...
update-initramfs: deferring update (trigger activated)
Processing triggers for libc-bin (2.19-0ubuntu6) ...
Processing triggers for initramfs-tools (0.103ubuntu4) ...
(Reading database ... 7061 files and directories currently installed.)
Preparing to unpack .../apt_1.0.1ubuntu2_amd64.deb ...
Unpacking apt (1.0.1ubuntu2) ...
Preparing to unpack .../gcc-4.8-base_4.8.2-19ubuntu1_amd64.deb ...
Unpacking gcc-4.8-base:amd64 (4.8.2-19ubuntu1) ...
Preparing to unpack .../gnupg_1.4.16-1ubuntu2_amd64.deb ...
Unpacking gnupg (1.4.16-1ubuntu2) ...
Preparing to unpack .../gpgv_1.4.16-1ubuntu2_amd64.deb ...
Unpacking gpgv (1.4.16-1ubuntu2) ...
Preparing to unpack .../libapt-pkg4.12_1.0.1ubuntu2_amd64.deb ...
Unpacking libapt-pkg4.12:amd64 (1.0.1ubuntu2) ...
Preparing to unpack .../libreadline6_6.3-4ubuntu2_amd64.deb ...
Unpacking libreadline6:amd64 (6.3-4ubuntu2) ...
Preparing to unpack .../libstdc++6_4.8.2-19ubuntu1_amd64.deb ...
Unpacking libstdc++6:amd64 (4.8.2-19ubuntu1) ...
Preparing to unpack .../libusb-0.1-4_2%3a0.1.12-23.3ubuntu1_amd64.deb ...
Unpacking libusb-0.1-4:amd64 (2:0.1.12-23.3ubuntu1) ...
Preparing to unpack .../readline-common_6.3-4ubuntu2_all.deb ...
Unpacking readline-common (6.3-4ubuntu2) ...
Preparing to unpack .../ubuntu-keyring_2012.05.19_all.deb ...
Unpacking ubuntu-keyring (2012.05.19) ...
Setting up gpgv (1.4.16-1ubuntu2) ...
Setting up libusb-0.1-4:amd64 (2:0.1.12-23.3ubuntu1) ...
Setting up gcc-4.8-base:amd64 (4.8.2-19ubuntu1) ...
Setting up ubuntu-keyring (2012.05.19) ...
gpg: key 437D05B5: public key "Ubuntu Archive Automatic Signing Key <ftpmaster@ubuntu.com>" imported
gpg: key FBB75451: public key "Ubuntu CD Image Automatic Signing Key <cdimage@ubuntu.com>" imported
gpg: key C0B21F32: public key "Ubuntu Archive Automatic Signing Key (2012) <ftpmaster@ubuntu.com>" imported
gpg: key EFE21092: public key "Ubuntu CD Image Automatic Signing Key (2012) <cdimage@ubuntu.com>" imported
gpg: Total number processed: 4
gpg:               imported: 4  (RSA: 2)
Setting up libstdc++6:amd64 (4.8.2-19ubuntu1) ...
Setting up readline-common (6.3-4ubuntu2) ...
Setting up libapt-pkg4.12:amd64 (1.0.1ubuntu2) ...
Setting up libreadline6:amd64 (6.3-4ubuntu2) ...
Setting up gnupg (1.4.16-1ubuntu2) ...
Setting up apt (1.0.1ubuntu2) ...
Processing triggers for libc-bin (2.19-0ubuntu6) ...
