[Thu Jan 19 09:33:59.165903 2017] [ssl:warn] [pid 8] AH01906: orangehrm.com:443:0 server certificate is a CA certificate (BasicConstraints: CA == TRUE !?)
AH00558: apache2: Could not reliably determine the server's fully qualified domain name, using 172.18.0.6. Set the 'ServerName' directive globally to suppress this message
[Thu Jan 19 09:33:59.354464 2017] [ssl:warn] [pid 8] AH01906: orangehrm.com:443:0 server certificate is a CA certificate (BasicConstraints: CA == TRUE !?)
[Thu Jan 19 09:33:59.364137 2017] [mpm_prefork:notice] [pid 8] AH00163: Apache/2.4.10 (Debian) PHP/5.5.38 OpenSSL/1.0.1t configured -- resuming normal operations
[Thu Jan 19 09:33:59.364267 2017] [core:notice] [pid 8] AH00094: Command line: '/usr/sbin/apache2 -D FOREGROUND'
[Thu Jan 19 09:37:56.539869 2017] [ssl:warn] [pid 7] AH01906: orangehrm.com:443:0 server certificate is a CA certificate (BasicConstraints: CA == TRUE !?)
AH00558: apache2: Could not reliably determine the server's fully qualified domain name, using 172.18.0.6. Set the 'ServerName' directive globally to suppress this message
[Thu Jan 19 09:37:56.614403 2017] [ssl:warn] [pid 7] AH01906: orangehrm.com:443:0 server certificate is a CA certificate (BasicConstraints: CA == TRUE !?)
[Thu Jan 19 09:37:56.614537 2017] [core:warn] [pid 7] AH00098: pid file /var/run/apache2/apache2.pid overwritten -- Unclean shutdown of previous Apache run?
[Thu Jan 19 09:37:56.617004 2017] [mpm_prefork:notice] [pid 7] AH00163: Apache/2.4.10 (Debian) PHP/5.5.38 OpenSSL/1.0.1t configured -- resuming normal operations
[Thu Jan 19 09:37:56.617040 2017] [core:notice] [pid 7] AH00094: Command line: '/usr/sbin/apache2 -D FOREGROUND'
[Thu Jan 19 09:42:29.287415 2017] [ssl:warn] [pid 8] AH01906: orangehrm.com:443:0 server certificate is a CA certificate (BasicConstraints: CA == TRUE !?)
AH00558: apache2: Could not reliably determine the server's fully qualified domain name, using 172.18.0.6. Set the 'ServerName' directive globally to suppress this message
[Thu Jan 19 09:42:29.364542 2017] [ssl:warn] [pid 8] AH01906: orangehrm.com:443:0 server certificate is a CA certificate (BasicConstraints: CA == TRUE !?)
[Thu Jan 19 09:42:29.367637 2017] [mpm_prefork:notice] [pid 8] AH00163: Apache/2.4.10 (Debian) PHP/5.5.38 OpenSSL/1.0.1t configured -- resuming normal operations
[Thu Jan 19 09:42:29.367670 2017] [core:notice] [pid 8] AH00094: Command line: '/usr/sbin/apache2 -D FOREGROUND'
[Thu Jan 19 10:20:19.819367 2017] [ssl:warn] [pid 8] AH01906: orangehrm.com:443:0 server certificate is a CA certificate (BasicConstraints: CA == TRUE !?)
AH00558: apache2: Could not reliably determine the server's fully qualified domain name, using 172.18.0.6. Set the 'ServerName' directive globally to suppress this message
[Thu Jan 19 10:20:19.920780 2017] [ssl:warn] [pid 8] AH01906: orangehrm.com:443:0 server certificate is a CA certificate (BasicConstraints: CA == TRUE !?)
[Thu Jan 19 10:20:19.923752 2017] [mpm_prefork:notice] [pid 8] AH00163: Apache/2.4.10 (Debian) PHP/5.5.38 OpenSSL/1.0.1t configured -- resuming normal operations
[Thu Jan 19 10:20:19.923927 2017] [core:notice] [pid 8] AH00094: Command line: '/usr/sbin/apache2 -D FOREGROUND'
[Thu Jan 19 10:31:06.574907 2017] [ssl:warn] [pid 8] AH01906: orangehrm.com:443:0 server certificate is a CA certificate (BasicConstraints: CA == TRUE !?)
AH00558: apache2: Could not reliably determine the server's fully qualified domain name, using 172.18.0.4. Set the 'ServerName' directive globally to suppress this message
[Thu Jan 19 10:31:06.645839 2017] [ssl:warn] [pid 8] AH01906: orangehrm.com:443:0 server certificate is a CA certificate (BasicConstraints: CA == TRUE !?)
[Thu Jan 19 10:31:06.649240 2017] [mpm_prefork:notice] [pid 8] AH00163: Apache/2.4.10 (Debian) PHP/5.5.38 OpenSSL/1.0.1t configured -- resuming normal operations
[Thu Jan 19 10:31:06.649275 2017] [core:notice] [pid 8] AH00094: Command line: '/usr/sbin/apache2 -D FOREGROUND'
[Thu Jan 19 10:33:44.948803 2017] [ssl:warn] [pid 8] AH01906: orangehrm.com:443:0 server certificate is a CA certificate (BasicConstraints: CA == TRUE !?)
AH00558: apache2: Could not reliably determine the server's fully qualified domain name, using 172.18.0.4. Set the 'ServerName' directive globally to suppress this message
[Thu Jan 19 10:33:44.984249 2017] [ssl:warn] [pid 8] AH01906: orangehrm.com:443:0 server certificate is a CA certificate (BasicConstraints: CA == TRUE !?)
[Thu Jan 19 10:33:44.986491 2017] [mpm_prefork:notice] [pid 8] AH00163: Apache/2.4.10 (Debian) PHP/5.5.38 OpenSSL/1.0.1t configured -- resuming normal operations
[Thu Jan 19 10:33:44.986521 2017] [core:notice] [pid 8] AH00094: Command line: '/usr/sbin/apache2 -D FOREGROUND'
[Thu Jan 19 11:13:23.826976 2017] [ssl:warn] [pid 7] AH01906: orangehrm.com:443:0 server certificate is a CA certificate (BasicConstraints: CA == TRUE !?)
AH00558: apache2: Could not reliably determine the server's fully qualified domain name, using 172.18.0.3. Set the 'ServerName' directive globally to suppress this message
[Thu Jan 19 11:13:23.937512 2017] [ssl:warn] [pid 7] AH01906: orangehrm.com:443:0 server certificate is a CA certificate (BasicConstraints: CA == TRUE !?)
[Thu Jan 19 11:13:23.937625 2017] [core:warn] [pid 7] AH00098: pid file /var/run/apache2/apache2.pid overwritten -- Unclean shutdown of previous Apache run?
[Thu Jan 19 11:13:23.939484 2017] [mpm_prefork:notice] [pid 7] AH00163: Apache/2.4.10 (Debian) PHP/5.5.38 OpenSSL/1.0.1t configured -- resuming normal operations
[Thu Jan 19 11:13:23.939505 2017] [core:notice] [pid 7] AH00094: Command line: '/usr/sbin/apache2 -D FOREGROUND'
[Thu Jan 19 12:37:53.784310 2017] [ssl:warn] [pid 8] AH01906: orangehrm.com:443:0 server certificate is a CA certificate (BasicConstraints: CA == TRUE !?)
AH00558: apache2: Could not reliably determine the server's fully qualified domain name, using 172.18.0.4. Set the 'ServerName' directive globally to suppress this message
[Thu Jan 19 12:37:53.843449 2017] [ssl:warn] [pid 8] AH01906: orangehrm.com:443:0 server certificate is a CA certificate (BasicConstraints: CA == TRUE !?)
[Thu Jan 19 12:37:53.846691 2017] [mpm_prefork:notice] [pid 8] AH00163: Apache/2.4.10 (Debian) PHP/5.5.38 OpenSSL/1.0.1t configured -- resuming normal operations
[Thu Jan 19 12:37:53.846728 2017] [core:notice] [pid 8] AH00094: Command line: '/usr/sbin/apache2 -D FOREGROUND'
[Thu Jan 19 12:40:24.304539 2017] [ssl:warn] [pid 8] AH01906: orangehrm.com:443:0 server certificate is a CA certificate (BasicConstraints: CA == TRUE !?)
AH00558: apache2: Could not reliably determine the server's fully qualified domain name, using 172.18.0.4. Set the 'ServerName' directive globally to suppress this message
[Thu Jan 19 12:40:24.345047 2017] [ssl:warn] [pid 8] AH01906: orangehrm.com:443:0 server certificate is a CA certificate (BasicConstraints: CA == TRUE !?)
[Thu Jan 19 12:40:24.347807 2017] [mpm_prefork:notice] [pid 8] AH00163: Apache/2.4.10 (Debian) PHP/5.5.38 OpenSSL/1.0.1t configured -- resuming normal operations
[Thu Jan 19 12:40:24.347839 2017] [core:notice] [pid 8] AH00094: Command line: '/usr/sbin/apache2 -D FOREGROUND'
[Thu Jan 19 12:41:49.064775 2017] [ssl:warn] [pid 8] AH01906: orangehrm.com:443:0 server certificate is a CA certificate (BasicConstraints: CA == TRUE !?)
AH00558: apache2: Could not reliably determine the server's fully qualified domain name, using 172.18.0.4. Set the 'ServerName' directive globally to suppress this message
[Thu Jan 19 12:41:49.104293 2017] [ssl:warn] [pid 8] AH01906: orangehrm.com:443:0 server certificate is a CA certificate (BasicConstraints: CA == TRUE !?)
[Thu Jan 19 12:41:49.106957 2017] [mpm_prefork:notice] [pid 8] AH00163: Apache/2.4.10 (Debian) PHP/5.5.38 OpenSSL/1.0.1t configured -- resuming normal operations
[Thu Jan 19 12:41:49.106994 2017] [core:notice] [pid 8] AH00094: Command line: '/usr/sbin/apache2 -D FOREGROUND'
[Thu Jan 19 12:43:35.890006 2017] [ssl:warn] [pid 7] AH01906: orangehrm.com:443:0 server certificate is a CA certificate (BasicConstraints: CA == TRUE !?)
AH00558: apache2: Could not reliably determine the server's fully qualified domain name, using 172.18.0.4. Set the 'ServerName' directive globally to suppress this message
[Thu Jan 19 12:43:35.934517 2017] [ssl:warn] [pid 7] AH01906: orangehrm.com:443:0 server certificate is a CA certificate (BasicConstraints: CA == TRUE !?)
[Thu Jan 19 12:43:35.937269 2017] [mpm_prefork:notice] [pid 7] AH00163: Apache/2.4.10 (Debian) PHP/5.5.38 OpenSSL/1.0.1t configured -- resuming normal operations
[Thu Jan 19 12:43:35.937302 2017] [core:notice] [pid 7] AH00094: Command line: '/usr/sbin/apache2 -D FOREGROUND'
[Thu Jan 19 12:56:18.021248 2017] [ssl:warn] [pid 8] AH01906: orangehrm.com:443:0 server certificate is a CA certificate (BasicConstraints: CA == TRUE !?)
AH00558: apache2: Could not reliably determine the server's fully qualified domain name, using 172.18.0.4. Set the 'ServerName' directive globally to suppress this message
[Thu Jan 19 12:56:18.178580 2017] [ssl:warn] [pid 8] AH01906: orangehrm.com:443:0 server certificate is a CA certificate (BasicConstraints: CA == TRUE !?)
[Thu Jan 19 12:56:18.182021 2017] [mpm_prefork:notice] [pid 8] AH00163: Apache/2.4.10 (Debian) PHP/5.5.38 OpenSSL/1.0.1t configured -- resuming normal operations
[Thu Jan 19 12:56:18.182059 2017] [core:notice] [pid 8] AH00094: Command line: '/usr/sbin/apache2 -D FOREGROUND'
[Thu Jan 19 13:16:19.057328 2017] [ssl:warn] [pid 8] AH01906: orangehrm.com:443:0 server certificate is a CA certificate (BasicConstraints: CA == TRUE !?)
AH00558: apache2: Could not reliably determine the server's fully qualified domain name, using 172.18.0.6. Set the 'ServerName' directive globally to suppress this message
[Thu Jan 19 13:16:19.233060 2017] [ssl:warn] [pid 8] AH01906: orangehrm.com:443:0 server certificate is a CA certificate (BasicConstraints: CA == TRUE !?)
[Thu Jan 19 13:16:19.247855 2017] [mpm_prefork:notice] [pid 8] AH00163: Apache/2.4.10 (Debian) PHP/5.5.38 OpenSSL/1.0.1t configured -- resuming normal operations
[Thu Jan 19 13:16:19.247941 2017] [core:notice] [pid 8] AH00094: Command line: '/usr/sbin/apache2 -D FOREGROUND'
[Thu Jan 19 13:46:32.995966 2017] [ssl:warn] [pid 7] AH01906: orangehrm.com:443:0 server certificate is a CA certificate (BasicConstraints: CA == TRUE !?)
AH00558: apache2: Could not reliably determine the server's fully qualified domain name, using 10.5.0.2. Set the 'ServerName' directive globally to suppress this message
[Thu Jan 19 13:46:33.130944 2017] [ssl:warn] [pid 7] AH01906: orangehrm.com:443:0 server certificate is a CA certificate (BasicConstraints: CA == TRUE !?)
[Thu Jan 19 13:46:33.134089 2017] [mpm_prefork:notice] [pid 7] AH00163: Apache/2.4.10 (Debian) PHP/5.5.38 OpenSSL/1.0.1t configured -- resuming normal operations
[Thu Jan 19 13:46:33.134123 2017] [core:notice] [pid 7] AH00094: Command line: '/usr/sbin/apache2 -D FOREGROUND'
[Thu Jan 19 13:50:23.262021 2017] [ssl:warn] [pid 9] AH01906: orangehrm.com:443:0 server certificate is a CA certificate (BasicConstraints: CA == TRUE !?)
AH00558: apache2: Could not reliably determine the server's fully qualified domain name, using 10.5.0.2. Set the 'ServerName' directive globally to suppress this message
[Thu Jan 19 13:50:23.310393 2017] [ssl:warn] [pid 9] AH01906: orangehrm.com:443:0 server certificate is a CA certificate (BasicConstraints: CA == TRUE !?)
[Thu Jan 19 13:50:23.313085 2017] [mpm_prefork:notice] [pid 9] AH00163: Apache/2.4.10 (Debian) PHP/5.5.38 OpenSSL/1.0.1t configured -- resuming normal operations
[Thu Jan 19 13:50:23.313140 2017] [core:notice] [pid 9] AH00094: Command line: '/usr/sbin/apache2 -D FOREGROUND'
[Thu Jan 19 13:52:41.389204 2017] [ssl:warn] [pid 7] AH01906: orangehrm.com:443:0 server certificate is a CA certificate (BasicConstraints: CA == TRUE !?)
AH00558: apache2: Could not reliably determine the server's fully qualified domain name, using 10.5.0.2. Set the 'ServerName' directive globally to suppress this message
[Thu Jan 19 13:52:41.513354 2017] [ssl:warn] [pid 7] AH01906: orangehrm.com:443:0 server certificate is a CA certificate (BasicConstraints: CA == TRUE !?)
[Thu Jan 19 13:52:41.517550 2017] [mpm_prefork:notice] [pid 7] AH00163: Apache/2.4.10 (Debian) PHP/5.5.38 OpenSSL/1.0.1t configured -- resuming normal operations
[Thu Jan 19 13:52:41.517605 2017] [core:notice] [pid 7] AH00094: Command line: '/usr/sbin/apache2 -D FOREGROUND'
[Thu Jan 19 14:12:39.352070 2017] [ssl:warn] [pid 9] AH01906: orangehrm.com:443:0 server certificate is a CA certificate (BasicConstraints: CA == TRUE !?)
AH00558: apache2: Could not reliably determine the server's fully qualified domain name, using 10.5.0.2. Set the 'ServerName' directive globally to suppress this message
[Thu Jan 19 14:12:39.475563 2017] [ssl:warn] [pid 9] AH01906: orangehrm.com:443:0 server certificate is a CA certificate (BasicConstraints: CA == TRUE !?)
[Thu Jan 19 14:12:39.479900 2017] [mpm_prefork:notice] [pid 9] AH00163: Apache/2.4.10 (Debian) PHP/5.5.38 OpenSSL/1.0.1t configured -- resuming normal operations
[Thu Jan 19 14:12:39.479955 2017] [core:notice] [pid 9] AH00094: Command line: '/usr/sbin/apache2 -D FOREGROUND'
[Thu Jan 19 14:29:57.533900 2017] [ssl:warn] [pid 7] AH01906: orangehrm.com:443:0 server certificate is a CA certificate (BasicConstraints: CA == TRUE !?)
AH00558: apache2: Could not reliably determine the server's fully qualified domain name, using 10.5.0.2. Set the 'ServerName' directive globally to suppress this message
[Thu Jan 19 14:29:57.573363 2017] [ssl:warn] [pid 7] AH01906: orangehrm.com:443:0 server certificate is a CA certificate (BasicConstraints: CA == TRUE !?)
[Thu Jan 19 14:29:57.576337 2017] [mpm_prefork:notice] [pid 7] AH00163: Apache/2.4.10 (Debian) PHP/5.5.38 OpenSSL/1.0.1t configured -- resuming normal operations
[Thu Jan 19 14:29:57.576371 2017] [core:notice] [pid 7] AH00094: Command line: '/usr/sbin/apache2 -D FOREGROUND'
[Thu Jan 19 14:31:10.303373 2017] [ssl:warn] [pid 9] AH01906: orangehrm.com:443:0 server certificate is a CA certificate (BasicConstraints: CA == TRUE !?)
AH00558: apache2: Could not reliably determine the server's fully qualified domain name, using 10.5.0.2. Set the 'ServerName' directive globally to suppress this message
[Thu Jan 19 14:31:10.340842 2017] [ssl:warn] [pid 9] AH01906: orangehrm.com:443:0 server certificate is a CA certificate (BasicConstraints: CA == TRUE !?)
[Thu Jan 19 14:31:10.344115 2017] [mpm_prefork:notice] [pid 9] AH00163: Apache/2.4.10 (Debian) PHP/5.5.38 OpenSSL/1.0.1t configured -- resuming normal operations
[Thu Jan 19 14:31:10.344154 2017] [core:notice] [pid 9] AH00094: Command line: '/usr/sbin/apache2 -D FOREGROUND'
[Thu Jan 19 14:34:47.852354 2017] [ssl:warn] [pid 10] AH01906: orangehrm.com:443:0 server certificate is a CA certificate (BasicConstraints: CA == TRUE !?)
AH00558: apache2: Could not reliably determine the server's fully qualified domain name, using 10.5.0.2. Set the 'ServerName' directive globally to suppress this message
[Thu Jan 19 14:34:47.911711 2017] [ssl:warn] [pid 10] AH01906: orangehrm.com:443:0 server certificate is a CA certificate (BasicConstraints: CA == TRUE !?)
[Thu Jan 19 14:34:47.914363 2017] [mpm_prefork:notice] [pid 10] AH00163: Apache/2.4.10 (Debian) PHP/5.5.38 OpenSSL/1.0.1t configured -- resuming normal operations
[Thu Jan 19 14:34:47.914410 2017] [core:notice] [pid 10] AH00094: Command line: '/usr/sbin/apache2 -D FOREGROUND'
