[Mon Dec 03 17:45:36.806847 2018] [ssl:warn] [pid 53] AH01909: RSA certificate configured for orangehrmdev.com:443 does NOT include an ID which matches the server name
[Mon Dec 03 17:45:39.791881 2018] [ssl:warn] [pid 53] AH01909: RSA certificate configured for orangehrmdev.com:443 does NOT include an ID which matches the server name
[Mon Dec 03 18:10:47.105650 2018] [ssl:warn] [pid 52] AH01909: RSA certificate configured for orangehrmdev.com:443 does NOT include an ID which matches the server name
[Mon Dec 03 18:10:49.844181 2018] [ssl:warn] [pid 52] AH01909: RSA certificate configured for orangehrmdev.com:443 does NOT include an ID which matches the server name
[Fri Mar 01 15:54:11.505348 2019] [ssl:warn] [pid 68] AH01909: RSA certificate configured for orangehrmdev.com:443 does NOT include an ID which matches the server name
[Fri Mar 01 15:54:13.151709 2019] [ssl:warn] [pid 68] AH01909: RSA certificate configured for orangehrmdev.com:443 does NOT include an ID which matches the server name
[Fri Mar 01 16:23:02.020235 2019] [ssl:warn] [pid 86] AH01909: RSA certificate configured for orangehrmdev.com:443 does NOT include an ID which matches the server name
[Fri Mar 01 16:23:02.121365 2019] [ssl:warn] [pid 86] AH01909: RSA certificate configured for orangehrmdev.com:443 does NOT include an ID which matches the server name
[Fri Mar 01 16:25:56.069779 2019] [ssl:warn] [pid 73] AH01909: RSA certificate configured for orangehrmdev.com:443 does NOT include an ID which matches the server name
[Fri Mar 01 16:25:58.375777 2019] [ssl:warn] [pid 73] AH01909: RSA certificate configured for orangehrmdev.com:443 does NOT include an ID which matches the server name
[Fri Mar 01 16:29:07.034222 2019] [ssl:warn] [pid 86] AH01909: RSA certificate configured for orangehrmdev.com:443 does NOT include an ID which matches the server name
[Fri Mar 01 16:29:07.091133 2019] [ssl:warn] [pid 86] AH01909: RSA certificate configured for orangehrmdev.com:443 does NOT include an ID which matches the server name
[Fri Mar 01 16:35:22.988574 2019] [ssl:warn] [pid 85] AH01909: RSA certificate configured for orangehrmdev.com:443 does NOT include an ID which matches the server name
[Fri Mar 01 16:35:24.410500 2019] [ssl:warn] [pid 85] AH01909: RSA certificate configured for orangehrmdev.com:443 does NOT include an ID which matches the server name
[Sat Mar 02 07:30:28.154584 2019] [ssl:warn] [pid 64] AH01909: RSA certificate configured for orangehrmdev.com:443 does NOT include an ID which matches the server name
[Sat Mar 02 07:30:28.228303 2019] [ssl:warn] [pid 64] AH01909: RSA certificate configured for orangehrmdev.com:443 does NOT include an ID which matches the server name
[Sat Mar 02 07:33:21.068891 2019] [ssl:warn] [pid 67] AH01909: RSA certificate configured for orangehrmdev.com:443 does NOT include an ID which matches the server name
[Sat Mar 02 07:33:21.217068 2019] [ssl:warn] [pid 67] AH01909: RSA certificate configured for orangehrmdev.com:443 does NOT include an ID which matches the server name
[Sat Mar 02 07:37:43.879134 2019] [ssl:warn] [pid 69] AH01909: RSA certificate configured for orangehrmdev.com:443 does NOT include an ID which matches the server name
[Sat Mar 02 07:37:43.951143 2019] [ssl:warn] [pid 69] AH01909: RSA certificate configured for orangehrmdev.com:443 does NOT include an ID which matches the server name
[Sat Mar 02 07:56:43.855927 2019] [ssl:warn] [pid 85] AH01909: RSA certificate configured for orangehrmdev.com:443 does NOT include an ID which matches the server name
[Sat Mar 02 07:56:44.023773 2019] [ssl:warn] [pid 85] AH01909: RSA certificate configured for orangehrmdev.com:443 does NOT include an ID which matches the server name
[Sat Mar 02 08:36:39.728598 2019] [ssl:warn] [pid 74] AH01909: RSA certificate configured for orangehrmdev.com:443 does NOT include an ID which matches the server name
[Sat Mar 02 08:36:39.800411 2019] [ssl:warn] [pid 74] AH01909: RSA certificate configured for orangehrmdev.com:443 does NOT include an ID which matches the server name
[Sat Mar 02 09:39:03.816264 2019] [ssl:warn] [pid 86] AH01909: RSA certificate configured for orangehrmdev.com:443 does NOT include an ID which matches the server name
[Sat Mar 02 09:39:08.866102 2019] [ssl:warn] [pid 86] AH01909: RSA certificate configured for orangehrmdev.com:443 does NOT include an ID which matches the server name
[Sat Mar 02 11:23:36.955203 2019] [ssl:warn] [pid 82] AH01909: RSA certificate configured for orangehrmdev.com:443 does NOT include an ID which matches the server name
[Sat Mar 02 11:23:37.794303 2019] [ssl:warn] [pid 82] AH01909: RSA certificate configured for orangehrmdev.com:443 does NOT include an ID which matches the server name
[Sat Mar 02 12:47:52.130648 2019] [ssl:warn] [pid 87] AH01909: RSA certificate configured for orangehrmdev.com:443 does NOT include an ID which matches the server name
[Sat Mar 02 12:47:52.336008 2019] [ssl:warn] [pid 87] AH01909: RSA certificate configured for orangehrmdev.com:443 does NOT include an ID which matches the server name
[Sat Mar 02 12:50:54.069652 2019] [ssl:warn] [pid 80] AH01909: RSA certificate configured for orangehrmdev.com:443 does NOT include an ID which matches the server name
[Sat Mar 02 12:50:54.194696 2019] [ssl:warn] [pid 80] AH01909: RSA certificate configured for orangehrmdev.com:443 does NOT include an ID which matches the server name
[Sun Mar 03 08:26:08.171508 2019] [ssl:warn] [pid 70] AH01909: RSA certificate configured for orangehrmdev.com:443 does NOT include an ID which matches the server name
[Sun Mar 03 08:26:08.208327 2019] [ssl:warn] [pid 70] AH01909: RSA certificate configured for orangehrmdev.com:443 does NOT include an ID which matches the server name
[Sun Mar 03 08:41:58.297275 2019] [ssl:warn] [pid 80] AH01909: RSA certificate configured for orangehrmdev.com:443 does NOT include an ID which matches the server name
[Sun Mar 03 08:41:58.343993 2019] [ssl:warn] [pid 80] AH01909: RSA certificate configured for orangehrmdev.com:443 does NOT include an ID which matches the server name
[Sun Mar 03 08:54:10.413768 2019] [ssl:warn] [pid 87] AH01909: RSA certificate configured for orangehrmdev.com:443 does NOT include an ID which matches the server name
[Sun Mar 03 08:54:10.525488 2019] [ssl:warn] [pid 87] AH01909: RSA certificate configured for orangehrmdev.com:443 does NOT include an ID which matches the server name
[Sun Mar 03 09:04:41.698917 2019] [ssl:warn] [pid 85] AH01909: RSA certificate configured for orangehrmdev.com:443 does NOT include an ID which matches the server name
[Sun Mar 03 09:04:41.733248 2019] [ssl:warn] [pid 85] AH01909: RSA certificate configured for orangehrmdev.com:443 does NOT include an ID which matches the server name
[Sun Mar 03 09:09:38.130304 2019] [ssl:warn] [pid 87] AH01909: RSA certificate configured for orangehrmdev.com:443 does NOT include an ID which matches the server name
[Sun Mar 03 09:09:38.852428 2019] [ssl:warn] [pid 87] AH01909: RSA certificate configured for orangehrmdev.com:443 does NOT include an ID which matches the server name
[Sun Mar 03 09:12:23.723951 2019] [ssl:warn] [pid 84] AH01909: RSA certificate configured for orangehrmdev.com:443 does NOT include an ID which matches the server name
[Sun Mar 03 09:12:23.799602 2019] [ssl:warn] [pid 84] AH01909: RSA certificate configured for orangehrmdev.com:443 does NOT include an ID which matches the server name
[Mon Mar 04 10:19:03.703449 2019] [ssl:warn] [pid 70] AH01909: RSA certificate configured for orangehrmdev.com:443 does NOT include an ID which matches the server name
[Mon Mar 04 10:19:03.746881 2019] [ssl:warn] [pid 70] AH01909: RSA certificate configured for orangehrmdev.com:443 does NOT include an ID which matches the server name
[Mon Mar 04 10:44:27.603755 2019] [ssl:warn] [pid 84] AH01909: RSA certificate configured for orangehrmdev.com:443 does NOT include an ID which matches the server name
[Mon Mar 04 10:44:30.042045 2019] [ssl:warn] [pid 84] AH01909: RSA certificate configured for orangehrmdev.com:443 does NOT include an ID which matches the server name
[Mon Apr 15 10:49:57.601314 2019] [ssl:warn] [pid 4080] AH01909: RSA certificate configured for orangehrmdev.com:443 does NOT include an ID which matches the server name
[Mon Apr 15 10:49:57.708592 2019] [ssl:warn] [pid 4080] AH01909: RSA certificate configured for orangehrmdev.com:443 does NOT include an ID which matches the server name
