[Sun Nov 04 06:35:40.213697 2018] [ssl:warn] [pid 31] AH01909: RSA certificate configured for orangehrmdev.com:443 does NOT include an ID which matches the server name
[Sun Nov 04 06:35:40.285760 2018] [ssl:warn] [pid 31] AH01909: RSA certificate configured for orangehrmdev.com:443 does NOT include an ID which matches the server name
[Sun Nov 04 06:37:43.052845 2018] [ssl:warn] [pid 31] AH01909: RSA certificate configured for orangehrmdev.com:443 does NOT include an ID which matches the server name
[Sun Nov 04 06:37:43.167386 2018] [ssl:warn] [pid 31] AH01909: RSA certificate configured for orangehrmdev.com:443 does NOT include an ID which matches the server name
[Mon Nov 05 10:40:46.595753 2018] [ssl:warn] [pid 36] AH01909: RSA certificate configured for orangehrmdev.com:443 does NOT include an ID which matches the server name
[Mon Nov 05 10:40:46.708044 2018] [ssl:warn] [pid 36] AH01909: RSA certificate configured for orangehrmdev.com:443 does NOT include an ID which matches the server name
log
logs[Mon Dec 03 17:45:35.298903 2018] [ssl:warn] [pid 55] AH01909: RSA certificate configured for orangehrmdev.com:443 does NOT include an ID which matches the server name
[Mon Dec 03 17:45:38.265288 2018] [ssl:warn] [pid 55] AH01909: RSA certificate configured for orangehrmdev.com:443 does NOT include an ID which matches the server name
[Mon Dec 03 18:10:48.966895 2018] [ssl:warn] [pid 54] AH01909: RSA certificate configured for orangehrmdev.com:443 does NOT include an ID which matches the server name
[Mon Dec 03 18:10:51.427511 2018] [ssl:warn] [pid 54] AH01909: RSA certificate configured for orangehrmdev.com:443 does NOT include an ID which matches the server name
[Fri Mar 01 15:53:26.202529 2019] [ssl:warn] [pid 32] AH01909: RSA certificate configured for orangehrmdev.com:443 does NOT include an ID which matches the server name
[Fri Mar 01 15:53:26.586335 2019] [ssl:warn] [pid 32] AH01909: RSA certificate configured for orangehrmdev.com:443 does NOT include an ID which matches the server name
[Fri Mar 01 16:22:52.016086 2019] [ssl:warn] [pid 37] AH01909: RSA certificate configured for orangehrmdev.com:443 does NOT include an ID which matches the server name
[Fri Mar 01 16:22:52.461230 2019] [ssl:warn] [pid 37] AH01909: RSA certificate configured for orangehrmdev.com:443 does NOT include an ID which matches the server name
[Fri Mar 01 16:25:44.996736 2019] [ssl:warn] [pid 32] AH01909: RSA certificate configured for orangehrmdev.com:443 does NOT include an ID which matches the server name
[Fri Mar 01 16:25:45.295960 2019] [ssl:warn] [pid 32] AH01909: RSA certificate configured for orangehrmdev.com:443 does NOT include an ID which matches the server name
[Fri Mar 01 16:28:56.764481 2019] [ssl:warn] [pid 31] AH01909: RSA certificate configured for orangehrmdev.com:443 does NOT include an ID which matches the server name
[Fri Mar 01 16:28:56.970058 2019] [ssl:warn] [pid 31] AH01909: RSA certificate configured for orangehrmdev.com:443 does NOT include an ID which matches the server name
[Fri Mar 01 16:34:59.054514 2019] [ssl:warn] [pid 32] AH01909: RSA certificate configured for orangehrmdev.com:443 does NOT include an ID which matches the server name
[Fri Mar 01 16:34:59.144253 2019] [ssl:warn] [pid 32] AH01909: RSA certificate configured for orangehrmdev.com:443 does NOT include an ID which matches the server name
[Sat Mar 02 07:30:26.834077 2019] [ssl:warn] [pid 35] AH01909: RSA certificate configured for orangehrmdev.com:443 does NOT include an ID which matches the server name
[Sat Mar 02 07:30:27.024105 2019] [ssl:warn] [pid 35] AH01909: RSA certificate configured for orangehrmdev.com:443 does NOT include an ID which matches the server name
[Sat Mar 02 07:33:18.716240 2019] [ssl:warn] [pid 32] AH01909: RSA certificate configured for orangehrmdev.com:443 does NOT include an ID which matches the server name
[Sat Mar 02 07:33:19.111615 2019] [ssl:warn] [pid 32] AH01909: RSA certificate configured for orangehrmdev.com:443 does NOT include an ID which matches the server name
[Sat Mar 02 07:37:31.755198 2019] [ssl:warn] [pid 32] AH01909: RSA certificate configured for orangehrmdev.com:443 does NOT include an ID which matches the server name
[Sat Mar 02 07:37:31.942767 2019] [ssl:warn] [pid 32] AH01909: RSA certificate configured for orangehrmdev.com:443 does NOT include an ID which matches the server name
[Sat Mar 02 07:57:12.722172 2019] [ssl:warn] [pid 36] AH01909: RSA certificate configured for orangehrmdev.com:443 does NOT include an ID which matches the server name
[Sat Mar 02 07:57:12.787072 2019] [ssl:warn] [pid 36] AH01909: RSA certificate configured for orangehrmdev.com:443 does NOT include an ID which matches the server name
[Sat Mar 02 08:36:34.528664 2019] [ssl:warn] [pid 36] AH01909: RSA certificate configured for orangehrmdev.com:443 does NOT include an ID which matches the server name
[Sat Mar 02 08:36:36.926587 2019] [ssl:warn] [pid 36] AH01909: RSA certificate configured for orangehrmdev.com:443 does NOT include an ID which matches the server name
[Sat Mar 02 09:38:56.040108 2019] [ssl:warn] [pid 37] AH01909: RSA certificate configured for orangehrmdev.com:443 does NOT include an ID which matches the server name
[Sat Mar 02 09:38:56.152862 2019] [ssl:warn] [pid 37] AH01909: RSA certificate configured for orangehrmdev.com:443 does NOT include an ID which matches the server name
[Sat Mar 02 11:22:45.536746 2019] [ssl:warn] [pid 32] AH01909: RSA certificate configured for orangehrmdev.com:443 does NOT include an ID which matches the server name
[Sat Mar 02 11:22:45.982269 2019] [ssl:warn] [pid 32] AH01909: RSA certificate configured for orangehrmdev.com:443 does NOT include an ID which matches the server name
[Sat Mar 02 12:47:40.211495 2019] [ssl:warn] [pid 31] AH01909: RSA certificate configured for orangehrmdev.com:443 does NOT include an ID which matches the server name
[Sat Mar 02 12:47:40.335327 2019] [ssl:warn] [pid 31] AH01909: RSA certificate configured for orangehrmdev.com:443 does NOT include an ID which matches the server name
[Sat Mar 02 12:50:38.910158 2019] [ssl:warn] [pid 33] AH01909: RSA certificate configured for orangehrmdev.com:443 does NOT include an ID which matches the server name
[Sat Mar 02 12:50:39.071848 2019] [ssl:warn] [pid 33] AH01909: RSA certificate configured for orangehrmdev.com:443 does NOT include an ID which matches the server name
[Sun Mar 03 08:26:05.986223 2019] [ssl:warn] [pid 31] AH01909: RSA certificate configured for orangehrmdev.com:443 does NOT include an ID which matches the server name
[Sun Mar 03 08:26:06.392324 2019] [ssl:warn] [pid 31] AH01909: RSA certificate configured for orangehrmdev.com:443 does NOT include an ID which matches the server name
[Sun Mar 03 08:41:46.505962 2019] [ssl:warn] [pid 37] AH01909: RSA certificate configured for orangehrmdev.com:443 does NOT include an ID which matches the server name
[Sun Mar 03 08:41:46.777125 2019] [ssl:warn] [pid 37] AH01909: RSA certificate configured for orangehrmdev.com:443 does NOT include an ID which matches the server name
[Sun Mar 03 08:53:56.750878 2019] [ssl:warn] [pid 37] AH01909: RSA certificate configured for orangehrmdev.com:443 does NOT include an ID which matches the server name
[Sun Mar 03 08:53:57.025220 2019] [ssl:warn] [pid 37] AH01909: RSA certificate configured for orangehrmdev.com:443 does NOT include an ID which matches the server name
[Sun Mar 03 09:04:18.825124 2019] [ssl:warn] [pid 32] AH01909: RSA certificate configured for orangehrmdev.com:443 does NOT include an ID which matches the server name
[Sun Mar 03 09:04:20.853705 2019] [ssl:warn] [pid 32] AH01909: RSA certificate configured for orangehrmdev.com:443 does NOT include an ID which matches the server name
[Sun Mar 03 09:09:26.671692 2019] [ssl:warn] [pid 33] AH01909: RSA certificate configured for orangehrmdev.com:443 does NOT include an ID which matches the server name
[Sun Mar 03 09:09:28.335465 2019] [ssl:warn] [pid 33] AH01909: RSA certificate configured for orangehrmdev.com:443 does NOT include an ID which matches the server name
[Sun Mar 03 09:12:05.822029 2019] [ssl:warn] [pid 36] AH01909: RSA certificate configured for orangehrmdev.com:443 does NOT include an ID which matches the server name
[Sun Mar 03 09:12:05.953586 2019] [ssl:warn] [pid 36] AH01909: RSA certificate configured for orangehrmdev.com:443 does NOT include an ID which matches the server name
[Mon Mar 04 10:19:01.191797 2019] [ssl:warn] [pid 32] AH01909: RSA certificate configured for orangehrmdev.com:443 does NOT include an ID which matches the server name
[Mon Mar 04 10:19:01.299730 2019] [ssl:warn] [pid 32] AH01909: RSA certificate configured for orangehrmdev.com:443 does NOT include an ID which matches the server name
[Mon Mar 04 10:43:59.263592 2019] [ssl:warn] [pid 31] AH01909: RSA certificate configured for orangehrmdev.com:443 does NOT include an ID which matches the server name
[Mon Mar 04 10:44:01.628683 2019] [ssl:warn] [pid 31] AH01909: RSA certificate configured for orangehrmdev.com:443 does NOT include an ID which matches the server name
